32: 1 617d5d bfe74c2c 2ff9d c2
103: 1 617d62 bfe748b8 2ff9d 8b
174: 0 617d62 bfe748b8 2ff9d 8b
175: 1 617d6b bfe74c30 2ff9d c3
196: 1 617d6d bfe748b4 2ff9d 8b
197: 0 617d6d bfe748b4 2ff9d 8b
213: 1 617d5d bfe74c34 2ff9d c3
214: 1 617d62 bfe748b8 2ff9d 8b
215: 0 617d62 bfe748b8 2ff9d 8b
216: 1 617d6b bfe74c38 2ff9d c3
217: 1 617d6d bfe748b4 2ff9d 8b
218: 0 617d6d bfe748b4 2ff9d 8b
232: 0 617e7d bfe748b4 2ff9d 8b
233: 1 617e83 bfe74c3c 2ff9d c3
234: 0 617e86 61ef0c 187 2f0
235: 1 617e8c bfe74c38 2ff9d c3
257: 1 617e5d bfe74c44 2ff9d c4
355: 1 617e62 bfe748b4 2ff9d 8b
356: 0 617e62 bfe748b4 2ff9d 8b
357: 1 617e6b bfe74c48 2ff9d c4
358: 0 617e6d 61ecac 187 2ca
369: 1 61a0b2 bfe74898 2ff9d 89
482: 1 61a0c6 bfe74894 2ff9d 89
496: 0 617a6b bfe748ac 2ff9d 8a
497: 1 617a71 bfe748ac 2ff9d 8a
518: 0 617a7b bfe748a8 2ff9d 8a
519: 0 617a81 bfe748a4 2ff9d 8a
520: 1 617a87 bfe7494e 2ff9d 94
597: 1 617aa9 bfe7494f 2ff9d 94
607: 1 617ac6 bfe748a8 2ff9d 8a
608: 0 617ac6 bfe748a8 2ff9d 8a
609: 1 617ad0 bfe748a4 2ff9d 8a
610: 0 617ad0 bfe748a4 2ff9d 8a
611: 1 617ad6 bfe748a8 2ff9d 8a
612: 0 617ad6 bfe748a8 2ff9d 8a
618: 1 617ae5 bfe74950 2ff9d 95
643: 1 617aa9 bfe74951 2ff9d 95
653: 1 617ac6 bfe748a8 2ff9d 8a
654: 0 617ac6 bfe748a8 2ff9d 8a
655: 1 617ad0 bfe748a4 2ff9d 8a
656: 0 617ad0 bfe748a4 2ff9d 8a
657: 1 617ad6 bfe748a8 2ff9d 8a
658: 0 617ad6 bfe748a8 2ff9d 8a
664: 1 617ae5 bfe74952 2ff9d 95
669: 1 617aa9 bfe74953 2ff9d 95
679: 1 617ac6 bfe748a8 2ff9d 8a
680: 0 617ac6 bfe748a8 2ff9d 8a
681: 1 617ad0 bfe748a4 2ff9d 8a
682: 0 617ad0 bfe748a4 2ff9d 8a
683: 1 617ad6 bfe748a8 2ff9d 8a
684: 0 617ad6 bfe748a8 2ff9d 8a
686: 1 617f0b bfe74954 2ff9d 95
691: 1 617cfb bfe74954 2ff9d 95
698: 1 617d01 bfe74955 2ff9d 95
705: 1 617d01 bfe74956 2ff9d 95
712: 1 617d01 bfe74957 2ff9d 95
719: 1 617d01 bfe74958 2ff9d 95
726: 1 617d01 bfe74959 2ff9d 95
733: 1 617d01 bfe7495a 2ff9d 95
740: 1 617d01 bfe7495b 2ff9d 95
747: 1 617d01 bfe7495c 2ff9d 95
754: 1 617d01 bfe7495d 2ff9d 95
761: 1 617d01 bfe7495e 2ff9d 95
768: 1 617d01 bfe7495f 2ff9d 95
775: 1 617d01 bfe74960 2ff9d 96
852: 1 617d01 bfe74961 2ff9d 96
854: 1 617afd bfe748a4 2ff9d 8a
856: 1 617b1c bfe748a8 2ff9d 8a
860: 1 617b2c bfe748b4 2ff9d 8b
861: 1 617b33 bfe748a8 2ff9d 8a
862: 0 617b39 61eca8 187 2ca
865: 1 617b99 61eca4 187 2ca
897: 1 617bae 61ee28 187 2e2
968: 1 617bb4 bfe748b0 2ff9d 8b
969: 1 617bc1 bfe748b0 2ff9d 8b
970: 1 617bcd 61ee24 187 2e2
971: 0 617bd4 61ee24 187 2e2
972: 0 617bda bfe74898 2ff9d 89
973: 0 617be1 bfe74894 2ff9d 89
978: 0 618c20 bfe74890 2ff9d 89
979: 0 618c23 bfe7488c 2ff9d 88
980: 1 618c24 bfe74898 2ff9d 89
981: 0 618c27 bfe74888 2ff9d 88
983: 1 61aa7b bfe74888 2ff9d 88
1004: 1 61aa7e bfe74888 2ff9d 88
1013: 0 618c3d 61f4bc 187 34b
1017: 1 618c49 bfe7488c 2ff9d 88
1018: 1 618c4c bfe74890 2ff9d 89
1019: 1 618c4d bfe74894 2ff9d 89
1027: 1 617be6 61eca4 187 2ca
1028: 1 617bec 61f4bc 187 34b
1088: 1 617c08 61ecac 187 2ca
1090: 1 617c12 bfe74c5b 2ff9d c5
1114: 0 617c25 bfe74898 2ff9d 89
1115: 0 617c28 bfe74894 2ff9d 89
1119: 1 61a5f0 bfe74898 2ff9d 89
1121: 1 61a5fb bfe74c5b 2ff9d c5
1128: 1 61a623 bfe74c5c 2ff9d c5
1139: 1 61a69a bfe74898 2ff9d 89
1140: 1 61a69e bfe74894 2ff9d 89
1143: 0 617c2d 61ecb0 187 2cb
1144: 0 617c33 bfe74898 2ff9d 89
1145: 0 617c3a bfe74894 2ff9d 89
1152: 0 618c70 bfe74890 2ff9d 89
1153: 0 618c76 bfe74884 2ff9d 88
1154: 0 618c79 bfe7488c 2ff9d 88
1155: 1 618c7c bfe74898 2ff9d 89
1156: 0 618c7f bfe7487c 2ff9d 87
1158: 1 61aa7b bfe7487c 2ff9d 87
1227: 1 61aa7e bfe7487c 2ff9d 87
1232: 0 618c8a bfe74888 2ff9d 88
1233: 1 618c8d 61f4bc 187 34b
1236: 1 618c97 61f4ac 187 34a
1266: 1 618cc2 bfe74884 2ff9d 88
1267: 1 618cc7 bfe74888 2ff9d 88
1268: 1 618cca bfe7488c 2ff9d 88
1269: 1 618ccf bfe74890 2ff9d 89
1270: 1 618cd0 bfe74894 2ff9d 89
1275: 1 617c47 61ef0c 187 2f0
1302: 1 617c55 bfe748c0 2ff9d 8c
1373: 1 617c61 bfe748c4 2ff9d 8c
1374: 0 617c67 bfe748a0 2ff9d 8a
1375: 0 617c6b bfe7489c 2ff9d 89
1376: 0 617c6f bfe74898 2ff9d 89
1377: 1 617c72 bfe74ab4 2ff9d ab
1448: 0 617c72 bfe74894 2ff9d 89
1455: 0 6094b0 bfe74890 2ff9d 89
1456: 0 6094b3 bfe7488c 2ff9d 88
1457: 0 6094b4 bfe74888 2ff9d 88
1458: 0 6094b5 bfe74884 2ff9d 88
1459: 0 6094bc bfe74598 2ff9d 59
1461: 1 61aa7b bfe74598 2ff9d 59
1530: 1 61aa7e bfe74598 2ff9d 59
1558: 0 6094c7 bfe7478f 2ff9d 78
1559: 0 6094da 61f1bc 187 31b
1560: 1 6094e0 61f4d0 187 34d
1729: 0 6094ec 61f404 187 340
1730: 1 6094f2 61ef0c 187 2f0
1731: 0 6094fe 61f434 187 343
1732: 0 60950c bfe747e8 2ff9d 7e
1733: 0 609518 61f400 187 340
1734: 0 609522 61f40c 187 340
1735: 0 60952b bfe7478e 2ff9d 78
1736: 0 609532 bfe7478d 2ff9d 78
1737: 0 609539 bfe74780 2ff9d 78
1738: 0 60953f bfe7477c 2ff9d 77
1739: 0 609548 61ee0c 187 2e0
1740: 0 609554 bfe74598 2ff9d 59
1749: 0 6185d0 bfe74594 2ff9d 59
1750: 0 6185d5 bfe74590 2ff9d 59
1751: 1 6185d6 bfe747e8 2ff9d 7e
1900: 1 6185da bfe74b48 2ff9d b4
2051: 1 6185e0 bff3a9b3 2ffce 29b
2125: 1 6185e8 bfe74b4c 2ff9d b4
2127: 1 6185e0 bff3a9cf 2ffce 29c
2201: 1 6185e8 bfe74b50 2ff9d b5
2223: 1 6185e0 bff3aa05 2ffce 2a0
2297: 1 6185e8 bfe74b54 2ff9d b5
2299: 1 6185e0 bff3aa10 2ffce 2a1
2323: 1 6185e8 bfe74b58 2ff9d b5
2325: 1 6185e0 bff3aa20 2ffce 2a2
2399: 1 6185e8 bfe74b5c 2ff9d b5
2401: 1 6185e0 bff3aa2d 2ffce 2a2
2405: 1 6185e8 bfe74b60 2ff9d b6
2477: 1 6185e0 bff3aa57 2ffce 2a5
2551: 1 6185e8 bfe74b64 2ff9d b6
2553: 1 6185e0 bff3aa6d 2ffce 2a6
2627: 1 6185e8 bfe74b68 2ff9d b6
2629: 1 6185e0 bff3aa80 2ffce 2a8
2703: 1 6185e8 bfe74b6c 2ff9d b6
2705: 1 6185e0 bff3aa8e 2ffce 2a8
2707: 1 6185f3 bff3aa8f 2ffce 2a8
2711: 1 6185e8 bfe74b70 2ff9d b7
2733: 1 6185e0 bff3ac51 2ffce 2c5
2807: 1 6185e8 bfe74b74 2ff9d b7
2809: 1 6185e0 bff3ac5d 2ffce 2c5
2813: 1 6185e8 bfe74b78 2ff9d b7
2815: 1 6185e0 bff3ac68 2ffce 2c6
2889: 1 6185e8 bfe74b7c 2ff9d b7
2891: 1 6185e0 bff3ac86 2ffce 2c8
2965: 1 6185e8 bfe74b80 2ff9d b8
3037: 1 6185e0 bff3ad22 2ffce 2d2
3111: 1 6185e8 bfe74b84 2ff9d b8
3113: 1 6185e0 bff3ad37 2ffce 2d3
3137: 1 6185e8 bfe74b88 2ff9d b8
3139: 1 6185e0 bff3ad80 2ffce 2d8
3213: 1 6185e8 bfe74b8c 2ff9d b8
3215: 1 6185e0 bff3ada0 2ffce 2da
3289: 1 6185e8 bfe74b90 2ff9d b9
3311: 1 6185e0 bff3adaa 2ffce 2da
3313: 1 6185f3 bff3adab 2ffce 2da
3317: 1 6185e8 bfe74b94 2ff9d b9
3319: 1 6185e0 bff3ae14 2ffce 2e1
3393: 1 6185e8 bfe74b98 2ff9d b9
3395: 1 6185e0 bff3ae47 2ffce 2e4
3469: 1 6185e8 bfe74b9c 2ff9d b9
3471: 1 6185e0 bff3aeb6 2ffce 2eb
3545: 1 6185e8 bfe74ba0 2ff9d ba
3617: 1 6185e0 bff3aebe 2ffce 2eb
3621: 1 6185e8 bfe74ba4 2ff9d ba
3623: 1 6185e0 bff3aed2 2ffce 2ed
3695: 1 6185f3 bff3aed3 2ffce 2ed
3699: 1 6185e8 bfe74ba8 2ff9d ba
3701: 1 6185e0 bff3aeea 2ffce 2ee
3773: 1 6185f3 bff3aeeb 2ffce 2ee
3777: 1 6185e8 bfe74bac 2ff9d ba
3779: 1 6185e0 bff3aefb 2ffce 2ef
3803: 1 6185e8 bfe74bb0 2ff9d bb
3825: 1 6185e0 bff3af0b 2ffce 2f0
3899: 1 6185e8 bfe74bb4 2ff9d bb
3901: 1 6185e0 bff3af15 2ffce 2f1
3925: 1 6185e8 bfe74bb8 2ff9d bb
3927: 1 6185e0 bff3af59 2ffce 2f5
3999: 1 6185f3 bff3af5a 2ffce 2f5
4003: 1 6185e8 bfe74bbc 2ff9d bb
4005: 1 6185e0 bff3af7b 2ffce 2f7
4079: 1 6185e8 bfe74bc0 2ff9d bc
4151: 1 6185e0 bff3afb7 2ffce 2fb
4225: 1 6185e8 bfe74bc4 2ff9d bc
4227: 1 6185e0 bff3afcc 2ffce 2fc
4301: 1 6185e8 bfe74bc8 2ff9d bc
4303: 1 6185e0 bff3afd9 2ffce 2fd
4327: 1 6185e8 bfe74bcc 2ff9d bc
4331: 1 6185f0 bfe74590 2ff9d 59
4332: 1 6185f1 bfe74594 2ff9d 59
4333: 1 6185f2 bfe74598 2ff9d 59
4336: 0 609559 bfe74784 2ff9d 78
4341: 1 6095bf 61ef0c 187 2f0
4342: 1 6095c5 bfe74780 2ff9d 78
4363: 0 6095cd bfe747f0 2ff9d 7f
4371: 1 6095d9 61eee4 187 2ee
4442: 1 6095e6 bfe7477c 2ff9d 77
4466: 1 6095f8 bfe748a0 2ff9d 8a
4467: 1 609601 bfe748c8 2ff9d 8c
4476: 0 609609 bfe7459c 2ff9d 59
4477: 0 609614 bfe745a0 2ff9d 5a
4478: 0 609620 bfe745a4 2ff9d 5a
4479: 0 609626 bfe74598 2ff9d 59
4486: 0 6115a0 bfe74594 2ff9d 59
4487: 0 6115a3 bfe74590 2ff9d 59
4488: 0 6115a4 bfe7458c 2ff9d 58
4489: 0 6115a5 bfe74588 2ff9d 58
4490: 0 6115a9 bfe74558 2ff9d 55
4492: 1 61aa7b bfe74558 2ff9d 55
4598: 1 61aa7e bfe74558 2ff9d 55
4604: 0 6115b4 bfe74580 2ff9d 58
4605: 0 6115b7 bfe7457c 2ff9d 57
4606: 0 6115ba bfe7455c 2ff9d 55
4607: 0 6115bd bfe74584 2ff9d 58
4608: 0 6115c0 bfe74558 2ff9d 55
4612: 1 61a5f0 bfe7455c 2ff9d 55
4614: 1 61a5fb 61b852 186 385
4727: 1 61a69a bfe7455c 2ff9d 55
4728: 1 61a69e bfe74558 2ff9d 55
4735: 0 6115d2 bfe74574 2ff9d 57
4736: 0 6115d5 bfe74560 2ff9d 56
4737: 0 6115d9 bfe7455c 2ff9d 55
4738: 0 6115dc bfe74558 2ff9d 55
4739: 1 60876c 61efe8 187 2fe
4816: 0 618910 bfe74554 2ff9d 55
4817: 0 618913 bfe74550 2ff9d 55
4818: 1 618917 bfe74560 2ff9d 56
4839: 1 61891a bfe7455c 2ff9d 55
4840: 0 61891d bfe74548 2ff9d 54
4842: 1 61aa7b bfe74548 2ff9d 54
4863: 1 61aa7e bfe74548 2ff9d 54
4867: 0 61892b bfe7454c 2ff9d 54
4868: 0 61892e bfe74548 2ff9d 54
4869: 1 60875c 61efe4 187 2fe
4875: 0 6188e0 bfe74544 2ff9d 54
4876: 0 6188e3 bfe74540 2ff9d 54
4877: 1 6188e7 bfe7454c 2ff9d 54
4878: 0 6188ea bfe74534 2ff9d 53
4880: 1 61aa7b bfe74534 2ff9d 53
4949: 1 61aa7e bfe74534 2ff9d 53
4953: 0 6188f5 bfe74538 2ff9d 53
4954: 0 6188fc bfe7453c 2ff9d 53
4955: 0 618900 bfe74534 2ff9d 53
4956: 1 60874c 61efe0 187 2fe
4965: 0 6187e0 bfe74530 2ff9d 53
4966: 0 6187e6 bfe74524 2ff9d 52
4967: 0 6187e9 bfe74528 2ff9d 52
4968: 1 6187ec bfe74538 2ff9d 53
4969: 0 6187ef bfe7452c 2ff9d 52
4970: 1 6187f2 bfe7453c 2ff9d 53
4971: 0 6187f5 bfe74508 2ff9d 50
4973: 1 61aa7b bfe74508 2ff9d 50
5042: 1 61aa7e bfe74508 2ff9d 50
5046: 1 618800 61f4b4 187 34b
5058: 1 61880a 61eca4 187 2ca
5059: 0 618829 61f4b4 187 34b
5069: 0 618833 61f4b8 187 34b
5070: 0 61883e 61f4b0 187 34b
5071: 1 618844 bfe74524 2ff9d 52
5092: 1 618847 bfe74528 2ff9d 52
5093: 1 61884a bfe7452c 2ff9d 52
5094: 1 61884f bfe74530 2ff9d 53
5095: 1 618850 bfe74534 2ff9d 53
5099: 1 618908 bfe74540 2ff9d 54
5100: 1 618909 bfe74544 2ff9d 54
5101: 1 61890a bfe74548 2ff9d 54
5105: 1 618933 bfe7454c 2ff9d 54
5106: 1 618934 bfe74550 2ff9d 55
5107: 1 618935 bfe74554 2ff9d 55
5108: 1 618936 bfe74558 2ff9d 55
5122: 0 6115ed 61f50c 187 350
5123: 1 6115f0 bfe74574 2ff9d 57
5144: 0 6115f9 61f514 187 351
5145: 1 6115fc bfe74580 2ff9d 58
5166: 0 611605 bfe7455c 2ff9d 55
5167: 0 611608 bfe74564 2ff9d 56
5168: 0 61160c bfe74560 2ff9d 56
5169: 0 611610 bfe74558 2ff9d 55
5177: 1 61aa10 bfe74564 2ff9d 56
5178: 1 61aa16 bfe7455c 2ff9d 55
5179: 1 61aa1c bfe74560 2ff9d 56
5182: 1 61aa25 61b852 186 385
5183: 0 61aa25 61f744 187 374
5188: 1 61aa2c 61b853 186 385
5189: 0 61aa2c 61f745 187 374
5190: 1 61aa32 bfe7455c 2ff9d 55
5191: 1 61aa36 bfe74558 2ff9d 55
5216: 0 611615 61f740 187 374
5217: 1 61161c bfe7457c 2ff9d 57
5218: 1 611620 bfe74584 2ff9d 58
5219: 0 611623 61f738 187 373
5220: 1 611629 bfe7459c 2ff9d 59
5221: 1 61162c 61f678 187 367
5354: 0 611636 61f4fc 187 34f
5355: 0 611640 61f660 187 366
5356: 0 61164e 61f678 187 367
5357: 1 611654 bfe745a4 2ff9d 5a
5378: 0 611657 61f6b4 187 36b
5379: 0 611663 61f510 187 351
5380: 0 61166c 61f6b8 187 36b
5381: 1 611672 61f000 187 300
5525: 0 611675 bfe74578 2ff9d 57
5534: 0 611684 61f000 187 300
5535: 1 611687 bfe745a4 2ff9d 5a
5536: 1 61168a bfe7459c 2ff9d 59
5537: 1 611690 61f004 187 300
5538: 0 611690 61f004 187 300
5539: 1 611697 61f198 187 319
5610: 0 611697 61f198 187 319
5611: 1 61169e 61f19c 187 319
5612: 0 61169e 61f19c 187 319
5618: 0 6116ad bfe7459c 2ff9d 59
5619: 1 6116b0 bfe74578 2ff9d 57
5620: 1 6116b3 bfe7459c 2ff9d 59
5626: 1 6116c4 bfe745a0 2ff9d 5a
5627: 0 6116c4 bfe745a0 2ff9d 5a
5628: 1 6116ca bfe74578 2ff9d 57
5629: 1 6116d1 bfe745a0 2ff9d 5a
5638: 1 6116e2 bfe74578 2ff9d 57
5639: 0 6116e5 61f6a4 187 36a
5640: 1 6116e8 bfe74584 2ff9d 58
5641: 0 6116f1 61f6bc 187 36b
5642: 1 6116f7 61b852 186 385
5643: 0 6116fc bfe74573 2ff9d 57
5650: 1 611790 bfe74588 2ff9d 58
5651: 1 611791 bfe7458c 2ff9d 58
5652: 1 611792 bfe74590 2ff9d 59
5653: 1 611793 bfe74594 2ff9d 59
5654: 1 611794 bfe74598 2ff9d 59
5659: 1 60962b 61f000 187 300
5660: 0 609636 bfe74794 2ff9d 79
5681: 1 609642 bfe748a0 2ff9d 8a
5682: 1 609645 bfe74794 2ff9d 79
5703: 1 60964b bfe7489c 2ff9d 89
5704: 1 60964e bfe74898 2ff9d 89
5705: 1 609651 bfe748c8 2ff9d 8c
5706: 0 609653 61f64c 187 364
5707: 0 60965a 61f644 187 364
5708: 0 609660 61f648 187 364
5709: 1 609666 bfe74794 2ff9d 79
5710: 1 609670 bfe7489c 2ff9d 89
5711: 0 609678 61f6a0 187 36a
5712: 1 60967e bfe74898 2ff9d 89
5713: 1 609684 61f674 187 367
5714: 0 609684 61f674 187 367
5715: 0 60968a 61f69c 187 369
5716: 0 609692 61f698 187 369
5721: 1 6096cc 8048034 2012 3
5882: 1 609754 804803c 2012 3
5883: 1 609757 bfe74898 2ff9d 89
5884: 1 60975a bfe74794 2ff9d 79
5885: 0 609762 61f4f8 187 34f
5892: 1 6096b6 bfe7489c 2ff9d 89
5893: 1 6096bc bfe74898 2ff9d 89
5896: 1 6096cc 8048054 2012 5
5982: 1 609f75 bfe74794 2ff9d 79
5983: 1 609f81 804805c 2012 5
5984: 0 609f84 61f1dc 187 31d
5985: 1 609f8a 61f4f8 187 34f
6006: 1 609f8c 61f1c8 187 31c
6055: 0 609f96 61f444 187 344
6057: 0 609fca bfe7478f 2ff9d 78
6064: 1 6096b6 bfe7489c 2ff9d 89
6065: 1 6096bc bfe74898 2ff9d 89
6068: 1 6096cc 8048074 2012 7
6192: 1 60a06d bfe74794 2ff9d 79
6193: 1 60a073 8048090 2012 9
6264: 1 60a076 804807c 2012 7
6265: 1 60a079 61f4f8 187 34f
6266: 1 60a083 61f698 187 369
6294: 0 60a08b 61f698 187 369
6295: 1 60a091 804807c 2012 7
6296: 1 60a097 8048088 2012 8
6317: 1 60a09a bfe74794 2ff9d 79
6318: 1 60a0a2 61f69c 187 369
6321: 0 60a0aa 61f69c 187 369
6322: 1 60a0b0 804808c 2012 8
6325: 1 60a0ba bfe74794 2ff9d 79
6326: 1 60a0c0 61f6a0 187 36a
6348: 0 60a0cc 61f6a0 187 36a
6355: 1 6096b6 bfe7489c 2ff9d 89
6356: 1 6096bc bfe74898 2ff9d 89
6359: 1 6096cc 8048094 2012 9
6376: 1 60a06d bfe74794 2ff9d 79
6377: 1 60a073 80480b0 2012 b
6448: 1 60a076 804809c 2012 9
6449: 1 60a079 61f4f8 187 34f
6450: 1 60a083 61f698 187 369
6456: 1 60a097 80480a8 2012 a
6477: 1 60a09a bfe74794 2ff9d 79
6478: 1 60a0a2 61f69c 187 369
6481: 0 60a0aa 61f69c 187 369
6482: 1 60a0b0 80480ac 2012 a
6489: 1 6096b6 bfe7489c 2ff9d 89
6490: 1 6096bc bfe74898 2ff9d 89
6493: 1 6096cc 80480b4 2012 b
6502: 1 60a037 bfe74794 2ff9d 79
6503: 1 60a03d 80480bc 2012 b
6504: 1 60a040 61f4f8 187 34f
6505: 0 60a044 61f500 187 350
6512: 1 6096b6 bfe7489c 2ff9d 89
6513: 1 6096bc bfe74898 2ff9d 89
6516: 1 6096cc 80480d4 2012 d
6599: 1 6096b6 bfe7489c 2ff9d 89
6600: 1 6096bc bfe74898 2ff9d 89
6603: 1 6096cc 80480f4 2012 f
6688: 1 6096b6 bfe7489c 2ff9d 89
6689: 1 6096bc bfe74898 2ff9d 89
6692: 1 6096cc 8048114 2012 11
6769: 1 609e54 804812c 2012 12
6840: 0 609e57 61f408 187 340
6847: 1 6096b6 bfe7489c 2ff9d 89
6848: 1 6096bc bfe74898 2ff9d 89
6852: 1 609769 bfe74794 2ff9d 79
6853: 1 60976f 61f714 187 371
6927: 1 609783 bfe74794 2ff9d 79
6928: 1 609789 61f69c 187 369
6932: 1 60979e bfe74794 2ff9d 79
6933: 1 6097a4 61f6a0 187 36a
6936: 1 6097b9 61f1dc 187 31d
6958: 1 6097df bfe7478d 2ff9d 78
6962: 1 6097ec bfe74794 2ff9d 79
6963: 1 6097f2 61f500 187 350
6988: 1 609802 805f014 2017 301
7063: 0 60980d 61f51c 187 351
7066: 1 609802 805f01c 2017 301
7071: 0 60980d 61f548 187 354
7074: 1 609802 805f024 2017 302
7196: 0 60980d 61f54c 187 354
7199: 1 609802 805f02c 2017 302
7204: 0 60980d 61f528 187 352
7207: 1 609802 805f034 2017 303
7232: 0 60980d 61f52c 187 352
7235: 1 609802 805f03c 2017 303
7240: 0 60980d 61f530 187 353
7243: 1 609802 805f044 2017 304
7329: 0 60980d 61f540 187 354
7332: 1 609802 805f04c 2017 304
7337: 0 60980d 61f544 187 354
7340: 1 609802 805f054 2017 305
7365: 0 60980d 61f56c 187 356
7368: 1 609802 805f05c 2017 305
7373: 0 60980d 61f524 187 352
7376: 1 609802 805f064 2017 306
7490: 0 60980d 61f520 187 352
7493: 1 609802 805f06c 2017 306
7498: 0 60980d 61f568 187 356
7501: 1 609802 805f074 2017 307
7526: 0 60980d 61f574 187 357
7529: 1 609802 805f07c 2017 307
7534: 0 60980d 61f55c 187 355
7537: 1 609802 805f084 2017 308
7612: 0 60980d 61f560 187 356
7615: 1 609802 805f08c 2017 308
7620: 0 60980d 61f564 187 356
7623: 1 609802 805f094 2017 309
7654: 0 60982c 61f5a4 187 35a
7657: 1 609802 805f09c 2017 309
7668: 0 60982c 61f5a0 187 35a
7671: 1 609802 805f0a4 2017 30a
7785: 0 60982c 61f5dc 187 35d
7788: 1 609802 805f0ac 2017 30a
7792: 1 609834 bfe74794 2ff9d 79
7793: 1 60983a 61f4f8 187 34f
7796: 1 609893 61f590 187 359
7908: 1 6098be 61f5b0 187 35b
7931: 1 6098de 61f58c 187 358
7953: 1 6098ec bfe74794 2ff9d 79
7954: 0 6098f2 bfe74598 2ff9d 59
7971: 1 6098f7 bfe747f0 2ff9d 7f
7993: 1 609904 bfe7478d 2ff9d 78
7995: 1 60a0d7 61eed8 187 2ed
8066: 0 60a0dd bfe74598 2ff9d 59
8073: 0 60d120 bfe74594 2ff9d 59
8074: 0 60d123 bfe74590 2ff9d 59
8075: 0 60d124 bfe7458c 2ff9d 58
8076: 0 60d125 bfe74588 2ff9d 58
8077: 0 60d129 bfe74508 2ff9d 50
8079: 1 61aa7b bfe74508 2ff9d 50
8080: 1 61aa7e bfe74508 2ff9d 50
8088: 0 60d134 bfe74584 2ff9d 58
8089: 1 60d137 61ecb0 187 2cb
8110: 1 60d143 61ecac 187 2ca
8111: 0 60d149 bfe7450c 2ff9d 50
8112: 0 60d152 bfe74508 2ff9d 50
8119: 0 6181b0 bfe74504 2ff9d 50
8120: 0 6181b3 bfe74500 2ff9d 50
8121: 0 6181b4 bfe744fc 2ff9d 4f
8122: 0 6181b5 bfe744f8 2ff9d 4f
8123: 0 6181b9 bfe744bc 2ff9d 4b
8125: 1 61aa7b bfe744bc 2ff9d 4b
8242: 1 61aa7e bfe744bc 2ff9d 4b
8254: 0 6181c4 bfe744f0 2ff9d 4f
8255: 1 6181c7 61ecdc 187 2cd
8326: 0 6181cf bfe744f4 2ff9d 4f
8327: 1 6181d2 61ece0 187 2ce
8398: 0 6181db bfe744ec 2ff9d 4e
8712: 1 618208 61ece4 187 2ce
8713: 0 618225 bfe744d8 2ff9d 4d
8714: 0 618235 bfe744e4 2ff9d 4e
8718: 0 618258 bfe744d4 2ff9d 4d
8726: 0 61826b bfe744dc 2ff9d 4d
8727: 1 618270 bfe744d4 2ff9d 4d
8787: 1 6182a2 bfe744d4 2ff9d 4d
8788: 0 6182a2 bfe744d4 2ff9d 4d
8789: 1 6182a5 bfe744dc 2ff9d 4d
8790: 0 6182a5 bfe744dc 2ff9d 4d
8795: 1 618270 bfe744d4 2ff9d 4d
8799: 1 6182a2 bfe744d4 2ff9d 4d
8800: 0 6182a2 bfe744d4 2ff9d 4d
8801: 1 6182a5 bfe744dc 2ff9d 4d
8802: 0 6182a5 bfe744dc 2ff9d 4d
8807: 1 618270 bfe744d4 2ff9d 4d
8811: 1 6182a2 bfe744d4 2ff9d 4d
8812: 0 6182a2 bfe744d4 2ff9d 4d
8813: 1 6182a5 bfe744dc 2ff9d 4d
8814: 0 6182a5 bfe744dc 2ff9d 4d
8819: 1 618270 bfe744d4 2ff9d 4d
8823: 1 6182a2 bfe744d4 2ff9d 4d
8824: 0 6182a2 bfe744d4 2ff9d 4d
8825: 1 6182a5 bfe744dc 2ff9d 4d
8826: 0 6182a5 bfe744dc 2ff9d 4d
8831: 1 618270 bfe744d4 2ff9d 4d
8835: 1 6182a2 bfe744d4 2ff9d 4d
8836: 0 6182a2 bfe744d4 2ff9d 4d
8837: 1 6182a5 bfe744dc 2ff9d 4d
8838: 0 6182a5 bfe744dc 2ff9d 4d
8843: 1 618270 bfe744d4 2ff9d 4d
8847: 1 6182a2 bfe744d4 2ff9d 4d
8848: 0 6182a2 bfe744d4 2ff9d 4d
8849: 1 6182a5 bfe744dc 2ff9d 4d
8850: 0 6182a5 bfe744dc 2ff9d 4d
8855: 1 618270 bfe744d4 2ff9d 4d
8859: 1 6182a2 bfe744d4 2ff9d 4d
8860: 0 6182a2 bfe744d4 2ff9d 4d
8861: 1 6182a5 bfe744dc 2ff9d 4d
8862: 0 6182a5 bfe744dc 2ff9d 4d
8867: 1 618270 bfe744d4 2ff9d 4d
8871: 1 6182a2 bfe744d4 2ff9d 4d
8872: 0 6182a2 bfe744d4 2ff9d 4d
8873: 1 6182a5 bfe744dc 2ff9d 4d
8874: 0 6182a5 bfe744dc 2ff9d 4d
8879: 1 618270 bfe744d4 2ff9d 4d
8883: 1 6182a2 bfe744d4 2ff9d 4d
8884: 0 6182a2 bfe744d4 2ff9d 4d
8885: 1 6182a5 bfe744dc 2ff9d 4d
8886: 0 6182a5 bfe744dc 2ff9d 4d
8891: 1 618270 bfe744d4 2ff9d 4d
8895: 1 6182a2 bfe744d4 2ff9d 4d
8896: 0 6182a2 bfe744d4 2ff9d 4d
8897: 1 6182a5 bfe744dc 2ff9d 4d
8898: 0 6182a5 bfe744dc 2ff9d 4d
8903: 1 618270 bfe744d4 2ff9d 4d
8907: 1 6182a2 bfe744d4 2ff9d 4d
8908: 0 6182a2 bfe744d4 2ff9d 4d
8909: 1 6182a5 bfe744dc 2ff9d 4d
8910: 0 6182a5 bfe744dc 2ff9d 4d
8915: 1 618270 bfe744d4 2ff9d 4d
8919: 1 6182a2 bfe744d4 2ff9d 4d
8920: 0 6182a2 bfe744d4 2ff9d 4d
8921: 1 6182a5 bfe744dc 2ff9d 4d
8922: 0 6182a5 bfe744dc 2ff9d 4d
8927: 1 618270 bfe744d4 2ff9d 4d
8931: 1 6182a2 bfe744d4 2ff9d 4d
8932: 0 6182a2 bfe744d4 2ff9d 4d
8933: 1 6182a5 bfe744dc 2ff9d 4d
8934: 0 6182a5 bfe744dc 2ff9d 4d
8939: 1 618270 bfe744d4 2ff9d 4d
8943: 1 6182a2 bfe744d4 2ff9d 4d
8944: 0 6182a2 bfe744d4 2ff9d 4d
8945: 1 6182a5 bfe744dc 2ff9d 4d
8946: 0 6182a5 bfe744dc 2ff9d 4d
8951: 1 618270 bfe744d4 2ff9d 4d
8955: 1 6182a2 bfe744d4 2ff9d 4d
8956: 0 6182a2 bfe744d4 2ff9d 4d
8957: 1 6182a5 bfe744dc 2ff9d 4d
8958: 0 6182a5 bfe744dc 2ff9d 4d
8963: 1 618270 bfe744d4 2ff9d 4d
8967: 1 6182a2 bfe744d4 2ff9d 4d
8968: 0 6182a2 bfe744d4 2ff9d 4d
8969: 1 6182a5 bfe744dc 2ff9d 4d
8970: 0 6182a5 bfe744dc 2ff9d 4d
8975: 1 618270 bfe744d4 2ff9d 4d
8979: 1 6182a2 bfe744d4 2ff9d 4d
8980: 0 6182a2 bfe744d4 2ff9d 4d
8981: 1 6182a5 bfe744dc 2ff9d 4d
8982: 0 6182a5 bfe744dc 2ff9d 4d
8987: 1 618270 bfe744d4 2ff9d 4d
8991: 1 6182a2 bfe744d4 2ff9d 4d
8992: 0 6182a2 bfe744d4 2ff9d 4d
8993: 1 6182a5 bfe744dc 2ff9d 4d
8994: 0 6182a5 bfe744dc 2ff9d 4d
8999: 1 618270 bfe744d4 2ff9d 4d
9003: 1 6182a2 bfe744d4 2ff9d 4d
9004: 0 6182a2 bfe744d4 2ff9d 4d
9005: 1 6182a5 bfe744dc 2ff9d 4d
9006: 0 6182a5 bfe744dc 2ff9d 4d
9011: 1 618270 bfe744d4 2ff9d 4d
9015: 1 6182a2 bfe744d4 2ff9d 4d
9016: 0 6182a2 bfe744d4 2ff9d 4d
9017: 1 6182a5 bfe744dc 2ff9d 4d
9018: 0 6182a5 bfe744dc 2ff9d 4d
9023: 1 618270 bfe744d4 2ff9d 4d
9027: 1 6182a2 bfe744d4 2ff9d 4d
9028: 0 6182a2 bfe744d4 2ff9d 4d
9029: 1 6182a5 bfe744dc 2ff9d 4d
9030: 0 6182a5 bfe744dc 2ff9d 4d
9035: 1 618270 bfe744d4 2ff9d 4d
9039: 1 6182a2 bfe744d4 2ff9d 4d
9040: 0 6182a2 bfe744d4 2ff9d 4d
9041: 1 6182a5 bfe744dc 2ff9d 4d
9042: 0 6182a5 bfe744dc 2ff9d 4d
9047: 1 618270 bfe744d4 2ff9d 4d
9051: 1 6182a2 bfe744d4 2ff9d 4d
9052: 0 6182a2 bfe744d4 2ff9d 4d
9053: 1 6182a5 bfe744dc 2ff9d 4d
9054: 0 6182a5 bfe744dc 2ff9d 4d
9059: 1 618270 bfe744d4 2ff9d 4d
9063: 1 6182a2 bfe744d4 2ff9d 4d
9064: 0 6182a2 bfe744d4 2ff9d 4d
9065: 1 6182a5 bfe744dc 2ff9d 4d
9066: 0 6182a5 bfe744dc 2ff9d 4d
9071: 1 618270 bfe744d4 2ff9d 4d
9075: 1 6182a2 bfe744d4 2ff9d 4d
9076: 0 6182a2 bfe744d4 2ff9d 4d
9077: 1 6182a5 bfe744dc 2ff9d 4d
9078: 0 6182a5 bfe744dc 2ff9d 4d
9083: 1 618270 bfe744d4 2ff9d 4d
9087: 1 6182a2 bfe744d4 2ff9d 4d
9088: 0 6182a2 bfe744d4 2ff9d 4d
9089: 1 6182a5 bfe744dc 2ff9d 4d
9090: 0 6182a5 bfe744dc 2ff9d 4d
9095: 1 618270 bfe744d4 2ff9d 4d
9100: 1 61827c bfe744dc 2ff9d 4d
9101: 1 61827f bfe744e4 2ff9d 4e
9122: 0 618282 bfe744b0 2ff9d 4b
9123: 0 618285 bfe74498 2ff9d 49
9124: 0 618288 bfe74494 2ff9d 49
9128: 1 61a5f0 bfe74498 2ff9d 49
9197: 1 61a623 61edb8 187 2db
9275: 1 61a639 61edbc 187 2db
9280: 1 61a69a bfe74498 2ff9d 49
9281: 1 61a69e bfe74494 2ff9d 49
9292: 1 61828d bfe744d4 2ff9d 4d
9293: 1 618291 bfe744e4 2ff9d 4e
9294: 0 618294 bfe744b4 2ff9d 4b
9295: 1 6182a2 bfe744d4 2ff9d 4d
9296: 0 6182a2 bfe744d4 2ff9d 4d
9297: 1 6182a5 bfe744dc 2ff9d 4d
9298: 0 6182a5 bfe744dc 2ff9d 4d
9301: 1 6182ad bfe744f4 2ff9d 4f
9334: 1 6182b4 bfe744e4 2ff9d 4e
9335: 1 6182b7 bfe744f4 2ff9d 4f
9336: 1 6182ba bfe744f0 2ff9d 4f
9337: 0 6182bd bfe744b8 2ff9d 4b
9338: 0 6182c0 bfe744bc 2ff9d 4b
9339: 1 6182c5 bfe744d8 2ff9d 4d
9340: 1 6182cf bfe744e4 2ff9d 4e
9341: 0 6182d7 bfe744c0 2ff9d 4c
9342: 0 6182da bfe744c4 2ff9d 4c
9354: 1 6182e4 bfe744e4 2ff9d 4e
9355: 1 6182e7 bfe744d8 2ff9d 4d
9356: 1 6182ea bfe744d8 2ff9d 4d
9357: 1 6182ed bfe744b4 2ff9d 4b
9358: 1 6182f0 bfe744c4 2ff9d 4c
9379: 1 6182fe bfe744d8 2ff9d 4d
9391: 1 618309 bfe744d8 2ff9d 4d
9392: 1 618314 bfe744e4 2ff9d 4e
9393: 1 618317 bfe744bc 2ff9d 4b
9394: 1 618323 bfe744d8 2ff9d 4d
9403: 1 618328 bfe744d8 2ff9d 4d
9404: 1 618331 bfe744ec 2ff9d 4e
9405: 0 61833b 61eef8 187 2ef
9406: 0 61833d bfe74498 2ff9d 49
9407: 0 618340 bfe74494 2ff9d 49
9408: 1 60875c 61efe4 187 2fe
9414: 0 6188e0 bfe74490 2ff9d 49
9415: 0 6188e3 bfe7448c 2ff9d 48
9416: 1 6188e7 bfe74498 2ff9d 49
9417: 0 6188ea bfe74480 2ff9d 48
9419: 1 61aa7b bfe74480 2ff9d 48
9440: 1 61aa7e bfe74480 2ff9d 48
9444: 0 6188f5 bfe74484 2ff9d 48
9445: 0 6188fc bfe74488 2ff9d 48
9446: 0 618900 bfe74480 2ff9d 48
9447: 1 60874c 61efe0 187 2fe
9456: 0 6187e0 bfe7447c 2ff9d 47
9457: 0 6187e6 bfe74470 2ff9d 47
9458: 0 6187e9 bfe74474 2ff9d 47
9459: 1 6187ec bfe74484 2ff9d 48
9460: 0 6187ef bfe74478 2ff9d 47
9461: 1 6187f2 bfe74488 2ff9d 48
9462: 0 6187f5 bfe74454 2ff9d 45
9464: 1 61aa7b bfe74454 2ff9d 45
9577: 1 61aa7e bfe74454 2ff9d 45
9581: 1 618800 61f4b4 187 34b
9588: 1 618851 61f4b0 187 34b
9598: 0 618833 61f4b8 187 34b
9599: 0 61883e 61f4b0 187 34b
9600: 1 618844 bfe74470 2ff9d 47
9621: 1 618847 bfe74474 2ff9d 47
9622: 1 61884a bfe74478 2ff9d 47
9623: 1 61884f bfe7447c 2ff9d 47
9624: 1 618850 bfe74480 2ff9d 48
9628: 1 618908 bfe7448c 2ff9d 48
9629: 1 618909 bfe74490 2ff9d 49
9630: 1 61890a bfe74494 2ff9d 49
9633: 0 618345 bfe744e8 2ff9d 4e
9635: 1 618350 bfe744d8 2ff9d 4d
9643: 1 61835a bfe744d8 2ff9d 4d
9644: 1 61835e bfe744ec 2ff9d 4e
9645: 1 618361 bfe744e8 2ff9d 4e
9646: 1 618364 61eef8 187 2ef
9667: 0 618369 61f748 187 374
9668: 0 61836b 61f750 187 375
9687: 1 618374 bfe744d8 2ff9d 4d
9688: 0 61837a bfe744e0 2ff9d 4e
9689: 1 61837f bfe744d8 2ff9d 4d
9690: 0 618385 bfe744d0 2ff9d 4d
9691: 1 618390 bfe744e4 2ff9d 4e
9692: 1 618396 bfe744d8 2ff9d 4d
9693: 1 618399 bfe744c4 2ff9d 4c
9694: 0 61839d bfe744a0 2ff9d 4a
9695: 1 6183a1 bfe744c0 2ff9d 4c
9696: 0 6183a5 bfe74498 2ff9d 49
9697: 0 6183a8 bfe7449c 2ff9d 49
9698: 0 6183ac bfe74494 2ff9d 49
9706: 1 61a990 bfe744a0 2ff9d 4a
9727: 1 61a996 bfe74498 2ff9d 49
9728: 1 61a99c bfe7449c 2ff9d 49
9731: 1 61a9a5 61bd5b 186 3d5
9802: 0 61a9a5 61f788 187 378
9807: 1 61a9aa 61bd5c 186 3d5
9808: 0 61a9aa 61f789 187 378
9809: 1 61a9ac 61bd5e 186 3d5
9810: 0 61a9ac 61f78b 187 378
9811: 1 61a9b1 bfe74494 2ff9d 49
9816: 0 6183b1 61f78b 187 378
9817: 1 6183b7 bfe744d0 2ff9d 4d
9830: 1 6184f1 bfe744e4 2ff9d 4e
9831: 1 6184f4 bfe744bc 2ff9d 4b
9832: 0 6184f8 bfe744a0 2ff9d 4a
9833: 1 6184fc bfe744b8 2ff9d 4b
9834: 0 6184ff bfe74498 2ff9d 49
9835: 0 618502 bfe7449c 2ff9d 49
9836: 0 618506 bfe74494 2ff9d 49
9844: 1 61a990 bfe744a0 2ff9d 4a
9845: 1 61a996 bfe74498 2ff9d 49
9846: 1 61a99c bfe7449c 2ff9d 49
9852: 1 61a9ac bfe74c5b 2ff9d c5
9853: 0 61a9ac 61f78c 187 378
9854: 1 61a9b1 bfe74494 2ff9d 49
9858: 0 61850b 61f790 187 379
9866: 1 6183d4 bfe744e4 2ff9d 4e
9867: 1 6183d7 bfe744b4 2ff9d 4b
9868: 0 6183da bfe744a0 2ff9d 4a
9869: 1 6183de bfe744b0 2ff9d 4b
9870: 0 6183e0 bfe74498 2ff9d 49
9871: 0 6183e3 bfe7449c 2ff9d 49
9872: 0 6183e7 bfe74494 2ff9d 49
9880: 1 61a990 bfe744a0 2ff9d 4a
9881: 1 61a996 bfe74498 2ff9d 49
9882: 1 61a99c bfe7449c 2ff9d 49
9888: 1 61a9ac 61edb8 187 2db
9889: 0 61a9ac 61f791 187 379
9890: 1 61a9b1 bfe74494 2ff9d 49
9894: 0 6183ec 61f795 187 379
9903: 1 618390 bfe744e4 2ff9d 4e
9904: 1 618396 bfe744d8 2ff9d 4d
9905: 1 618399 bfe744c4 2ff9d 4c
9906: 0 61839d bfe744a0 2ff9d 4a
9907: 1 6183a1 bfe744c0 2ff9d 4c
9908: 0 6183a5 bfe74498 2ff9d 49
9909: 0 6183a8 bfe7449c 2ff9d 49
9910: 0 6183ac bfe74494 2ff9d 49
9918: 1 61a990 bfe744a0 2ff9d 4a
9919: 1 61a996 bfe74498 2ff9d 49
9920: 1 61a99c bfe7449c 2ff9d 49
9923: 1 61a9a5 61bd5b 186 3d5
9924: 0 61a9a5 61f796 187 379
9929: 1 61a9aa 61bd5c 186 3d5
9930: 0 61a9aa 61f797 187 379
9931: 1 61a9ac 61bd5e 186 3d5
9932: 0 61a9ac 61f799 187 379
9933: 1 61a9b1 bfe74494 2ff9d 49
9938: 0 6183b1 61f799 187 379
9939: 1 6183b7 bfe744d0 2ff9d 4d
9954: 1 6183d4 bfe744e4 2ff9d 4e
9955: 1 6183d7 bfe744b4 2ff9d 4b
9956: 0 6183da bfe744a0 2ff9d 4a
9957: 1 6183de bfe744b0 2ff9d 4b
9958: 0 6183e0 bfe74498 2ff9d 49
9959: 0 6183e3 bfe7449c 2ff9d 49
9960: 0 6183e7 bfe74494 2ff9d 49
9968: 1 61a990 bfe744a0 2ff9d 4a
9969: 1 61a996 bfe74498 2ff9d 49
9970: 1 61a99c bfe7449c 2ff9d 49
9976: 1 61a9ac 61edb8 187 2db
9977: 0 61a9ac 61f79a 187 379
9978: 1 61a9b1 bfe74494 2ff9d 49
9982: 0 6183ec 61f79e 187 379
9988: 1 6183f6 bfe744d8 2ff9d 4d
9995: 1 618408 bfe744e8 2ff9d 4e
9996: 0 61840d 61f74c 187 374
10002: 1 618408 bfe744e8 2ff9d 4e
10003: 0 61840d 61f754 187 375
10009: 1 618408 bfe744e8 2ff9d 4e
10010: 0 61840d 61f75c 187 375
10016: 1 618408 bfe744e8 2ff9d 4e
10017: 0 61840d 61f764 187 376
10023: 1 618408 bfe744e8 2ff9d 4e
10024: 0 61840d 61f76c 187 376
10030: 1 618408 bfe744e8 2ff9d 4e
10031: 0 61840d 61f774 187 377
10037: 1 618408 bfe744e8 2ff9d 4e
10038: 0 61840d 61f77c 187 377
10044: 1 618408 bfe744e8 2ff9d 4e
10045: 0 61840d 61f784 187 378
10058: 1 618416 bfe744d8 2ff9d 4d
10059: 1 618426 bfe744e8 2ff9d 4e
10060: 1 61842d bfe744d8 2ff9d 4d
10061: 0 618431 bfe744cc 2ff9d 4c
10074: 1 618445 bfe744e4 2ff9d 4e
10075: 1 618448 bfe744c4 2ff9d 4c
10076: 1 61844c bfe744cc 2ff9d 4c
10077: 1 61844f 61f74c 187 374
10098: 0 618453 61f74c 187 374
10099: 1 618456 bfe744cc 2ff9d 4c
10100: 0 618456 bfe744cc 2ff9d 4c
10112: 1 618445 bfe744e4 2ff9d 4e
10113: 1 618448 bfe744c4 2ff9d 4c
10114: 1 61844c bfe744cc 2ff9d 4c
10115: 1 61844f 61f754 187 375
10136: 0 618453 61f754 187 375
10137: 1 618456 bfe744cc 2ff9d 4c
10138: 0 618456 bfe744cc 2ff9d 4c
10150: 1 618445 bfe744e4 2ff9d 4e
10151: 1 618448 bfe744c4 2ff9d 4c
10152: 1 61844c bfe744cc 2ff9d 4c
10153: 1 61844f 61f75c 187 375
10154: 0 618453 61f75c 187 375
10155: 1 618456 bfe744cc 2ff9d 4c
10156: 0 618456 bfe744cc 2ff9d 4c
10168: 1 618445 bfe744e4 2ff9d 4e
10169: 1 618448 bfe744c4 2ff9d 4c
10170: 1 61844c bfe744cc 2ff9d 4c
10171: 1 61844f 61f764 187 376
10192: 0 618453 61f764 187 376
10193: 1 618456 bfe744cc 2ff9d 4c
10194: 0 618456 bfe744cc 2ff9d 4c
10200: 1 618456 bfe744cc 2ff9d 4c
10201: 0 618456 bfe744cc 2ff9d 4c
10207: 1 618456 bfe744cc 2ff9d 4c
10208: 0 618456 bfe744cc 2ff9d 4c
10214: 1 618456 bfe744cc 2ff9d 4c
10215: 0 618456 bfe744cc 2ff9d 4c
10221: 1 618456 bfe744cc 2ff9d 4c
10222: 0 618456 bfe744cc 2ff9d 4c
10235: 1 618426 bfe744e8 2ff9d 4e
10236: 1 61842d bfe744d8 2ff9d 4d
10237: 0 618431 bfe744cc 2ff9d 4c
10250: 1 618445 bfe744e4 2ff9d 4e
10251: 1 618448 bfe744bc 2ff9d 4b
10252: 1 61844c bfe744cc 2ff9d 4c
10253: 1 61844f 61f74c 187 374
10254: 0 618453 61f74c 187 374
10255: 1 618456 bfe744cc 2ff9d 4c
10256: 0 618456 bfe744cc 2ff9d 4c
10268: 1 618445 bfe744e4 2ff9d 4e
10269: 1 618448 bfe744bc 2ff9d 4b
10270: 1 61844c bfe744cc 2ff9d 4c
10271: 1 61844f 61f754 187 375
10272: 0 618453 61f754 187 375
10273: 1 618456 bfe744cc 2ff9d 4c
10274: 0 618456 bfe744cc 2ff9d 4c
10280: 1 618456 bfe744cc 2ff9d 4c
10281: 0 618456 bfe744cc 2ff9d 4c
10287: 1 618456 bfe744cc 2ff9d 4c
10288: 0 618456 bfe744cc 2ff9d 4c
10300: 1 618445 bfe744e4 2ff9d 4e
10301: 1 618448 bfe744bc 2ff9d 4b
10302: 1 61844c bfe744cc 2ff9d 4c
10303: 1 61844f 61f76c 187 376
10304: 0 618453 61f76c 187 376
10305: 1 618456 bfe744cc 2ff9d 4c
10306: 0 618456 bfe744cc 2ff9d 4c
10318: 1 618445 bfe744e4 2ff9d 4e
10319: 1 618448 bfe744bc 2ff9d 4b
10320: 1 61844c bfe744cc 2ff9d 4c
10321: 1 61844f 61f774 187 377
10342: 0 618453 61f774 187 377
10343: 1 618456 bfe744cc 2ff9d 4c
10344: 0 618456 bfe744cc 2ff9d 4c
10350: 1 618456 bfe744cc 2ff9d 4c
10351: 0 618456 bfe744cc 2ff9d 4c
10357: 1 618456 bfe744cc 2ff9d 4c
10358: 0 618456 bfe744cc 2ff9d 4c
10371: 1 618426 bfe744e8 2ff9d 4e
10372: 1 61842d bfe744d8 2ff9d 4d
10373: 0 618431 bfe744cc 2ff9d 4c
10386: 1 618445 bfe744e4 2ff9d 4e
10387: 1 618448 bfe744b4 2ff9d 4b
10388: 1 61844c bfe744cc 2ff9d 4c
10389: 1 61844f 61f74c 187 374
10390: 0 618453 61f74c 187 374
10391: 1 618456 bfe744cc 2ff9d 4c
10392: 0 618456 bfe744cc 2ff9d 4c
10398: 1 618456 bfe744cc 2ff9d 4c
10399: 0 618456 bfe744cc 2ff9d 4c
10411: 1 618445 bfe744e4 2ff9d 4e
10412: 1 618448 bfe744b4 2ff9d 4b
10413: 1 61844c bfe744cc 2ff9d 4c
10414: 1 61844f 61f75c 187 375
10415: 0 618453 61f75c 187 375
10416: 1 618456 bfe744cc 2ff9d 4c
10417: 0 618456 bfe744cc 2ff9d 4c
10423: 1 618456 bfe744cc 2ff9d 4c
10424: 0 618456 bfe744cc 2ff9d 4c
10436: 1 618445 bfe744e4 2ff9d 4e
10437: 1 618448 bfe744b4 2ff9d 4b
10438: 1 61844c bfe744cc 2ff9d 4c
10439: 1 61844f 61f76c 187 376
10440: 0 618453 61f76c 187 376
10441: 1 618456 bfe744cc 2ff9d 4c
10442: 0 618456 bfe744cc 2ff9d 4c
10448: 1 618456 bfe744cc 2ff9d 4c
10449: 0 618456 bfe744cc 2ff9d 4c
10461: 1 618445 bfe744e4 2ff9d 4e
10462: 1 618448 bfe744b4 2ff9d 4b
10463: 1 61844c bfe744cc 2ff9d 4c
10464: 1 61844f 61f77c 187 377
10465: 0 618453 61f77c 187 377
10466: 1 618456 bfe744cc 2ff9d 4c
10467: 0 618456 bfe744cc 2ff9d 4c
10473: 1 618456 bfe744cc 2ff9d 4c
10474: 0 618456 bfe744cc 2ff9d 4c
10488: 1 618462 bfe744d8 2ff9d 4d
10489: 1 618474 bfe744e0 2ff9d 4e
10490: 1 618478 bfe744e8 2ff9d 4e
10502: 1 618488 61f74c 187 374
10503: 1 61848b 61f748 187 374
10504: 0 618490 61f758 187 375
10512: 1 6184a2 61f758 187 375
10513: 0 6184a5 61f760 187 376
10528: 1 6184ae bfe744d8 2ff9d 4d
10529: 1 6184b1 bfe744e4 2ff9d 4e
10530: 1 6184b4 bfe744c4 2ff9d 4c
10531: 1 6184c0 bfe744e0 2ff9d 4e
10532: 1 6184cb 61f748 187 374
10533: 0 6184d1 61f768 187 376
10543: 1 6184c0 bfe744e0 2ff9d 4e
10544: 1 6184cb 61f750 187 375
10545: 0 6184d1 61f770 187 377
10555: 1 6184c0 bfe744e0 2ff9d 4e
10556: 1 6184cb 61f758 187 375
10557: 0 6184d1 61f778 187 377
10567: 1 6184c0 bfe744e0 2ff9d 4e
10568: 1 6184cb 61f760 187 376
10569: 0 6184d1 61f780 187 378
10580: 1 6184d9 bfe744e8 2ff9d 4e
10581: 1 6184dc bfe7450c 2ff9d 50
10582: 1 6184df bfe744e8 2ff9d 4e
10583: 1 6184e2 61f74c 187 374
10584: 0 6184e5 61eefc 187 2ef
10585: 1 6184ea bfe744f8 2ff9d 4f
10586: 1 6184eb bfe744fc 2ff9d 4f
10587: 1 6184ec bfe74500 2ff9d 50
10588: 1 6184ed bfe74504 2ff9d 50
10589: 1 6184ee bfe74508 2ff9d 50
10593: 0 60d157 61eef4 187 2ef
10594: 0 60d160 bfe7450c 2ff9d 50
10595: 0 60d167 bfe74508 2ff9d 50
10596: 1 60875c 61efe4 187 2fe
10602: 0 6188e0 bfe74504 2ff9d 50
10603: 0 6188e3 bfe74500 2ff9d 50
10604: 1 6188e7 bfe7450c 2ff9d 50
10605: 0 6188ea bfe744f4 2ff9d 4f
10607: 1 61aa7b bfe744f4 2ff9d 4f
10608: 1 61aa7e bfe744f4 2ff9d 4f
10612: 0 6188f5 bfe744f8 2ff9d 4f
10613: 0 6188fc bfe744fc 2ff9d 4f
10614: 0 618900 bfe744f4 2ff9d 4f
10615: 1 60874c 61efe0 187 2fe
10624: 0 6187e0 bfe744f0 2ff9d 4f
10625: 0 6187e6 bfe744e4 2ff9d 4e
10626: 0 6187e9 bfe744e8 2ff9d 4e
10627: 1 6187ec bfe744f8 2ff9d 4f
10628: 0 6187ef bfe744ec 2ff9d 4e
10629: 1 6187f2 bfe744fc 2ff9d 4f
10630: 0 6187f5 bfe744c8 2ff9d 4c
10632: 1 61aa7b bfe744c8 2ff9d 4c
10633: 1 61aa7e bfe744c8 2ff9d 4c
10637: 1 618800 61f4b4 187 34b
10644: 1 618851 61f4b0 187 34b
10654: 0 618833 61f4b8 187 34b
10655: 0 61883e 61f4b0 187 34b
10656: 1 618844 bfe744e4 2ff9d 4e
10657: 1 618847 bfe744e8 2ff9d 4e
10658: 1 61884a bfe744ec 2ff9d 4e
10659: 1 61884f bfe744f0 2ff9d 4f
10660: 1 618850 bfe744f4 2ff9d 4f
10664: 1 618908 bfe74500 2ff9d 50
10665: 1 618909 bfe74504 2ff9d 50
10666: 1 61890a bfe74508 2ff9d 50
10670: 0 60d16c 61ef00 187 2f0
10681: 1 60d17c 61eef8 187 2ef
10682: 0 60d196 bfe74578 2ff9d 57
10683: 0 60d19e bfe7450c 2ff9d 50
10684: 0 60d1a1 bfe74508 2ff9d 50
10685: 1 60875c 61efe4 187 2fe
10691: 0 6188e0 bfe74504 2ff9d 50
10692: 0 6188e3 bfe74500 2ff9d 50
10693: 1 6188e7 bfe7450c 2ff9d 50
10694: 0 6188ea bfe744f4 2ff9d 4f
10696: 1 61aa7b bfe744f4 2ff9d 4f
10697: 1 61aa7e bfe744f4 2ff9d 4f
10701: 0 6188f5 bfe744f8 2ff9d 4f
10702: 0 6188fc bfe744fc 2ff9d 4f
10703: 0 618900 bfe744f4 2ff9d 4f
10704: 1 60874c 61efe0 187 2fe
10713: 0 6187e0 bfe744f0 2ff9d 4f
10714: 0 6187e6 bfe744e4 2ff9d 4e
10715: 0 6187e9 bfe744e8 2ff9d 4e
10716: 1 6187ec bfe744f8 2ff9d 4f
10717: 0 6187ef bfe744ec 2ff9d 4e
10718: 1 6187f2 bfe744fc 2ff9d 4f
10719: 0 6187f5 bfe744c8 2ff9d 4c
10721: 1 61aa7b bfe744c8 2ff9d 4c
10722: 1 61aa7e bfe744c8 2ff9d 4c
10726: 1 618800 61f4b4 187 34b
10733: 1 618851 61f4b0 187 34b
10743: 0 618833 61f4b8 187 34b
10744: 0 61883e 61f4b0 187 34b
10745: 1 618844 bfe744e4 2ff9d 4e
10746: 1 618847 bfe744e8 2ff9d 4e
10747: 1 61884a bfe744ec 2ff9d 4e
10748: 1 61884f bfe744f0 2ff9d 4f
10749: 1 618850 bfe744f4 2ff9d 4f
10753: 1 618908 bfe74500 2ff9d 50
10754: 1 618909 bfe74504 2ff9d 50
10755: 1 61890a bfe74508 2ff9d 50
10761: 0 60d1a6 61f7a0 187 37a
10762: 1 60d1a8 61ef00 187 2f0
10763: 1 60d1b4 61f7a0 187 37a
10859: 0 60d1be 61f1b8 187 31b
10860: 1 60d1c4 bfe74578 2ff9d 57
10861: 0 60d1cd bfe7457c 2ff9d 57
10862: 1 60d1d2 61eef8 187 2ef
10863: 0 60d1d8 61ef04 187 2f0
10864: 0 60d1e3 bfe74580 2ff9d 58
10865: 0 60d1f0 bfe7453c 2ff9d 53
10866: 0 60d1f3 bfe74574 2ff9d 57
10867: 0 60d1f6 61f7a0 187 37a
10868: 1 60d1f8 bfe7453c 2ff9d 53
10869: 0 60d1fe 61f7b8 187 37b
10870: 1 60d205 bfe7457c 2ff9d 57
10871: 0 60d208 61f7b4 187 37b
10872: 1 60d20b bfe74580 2ff9d 58
10873: 0 60d20e 61f7bc 187 37b
10874: 1 60d211 61ae30 186 2e3
10945: 1 60d218 bfe7457c 2ff9d 57
10946: 0 60d21b 61f7c0 187 37c
10947: 0 60d222 bfe7457c 2ff9d 57
10954: 0 60d232 61f7c4 187 37c
10959: 0 60d232 61f7c8 187 37c
10964: 0 60d232 61f7cc 187 37c
10969: 0 60d232 61f7d0 187 37d
10974: 0 60d232 61f7d4 187 37d
10979: 0 60d232 61f7d8 187 37d
10984: 0 60d232 61f7dc 187 37d
10989: 0 60d232 61f7e0 187 37e
10999: 1 60d23b bfe74580 2ff9d 58
11000: 0 60d23b bfe74580 2ff9d 58
11001: 1 60d240 bfe74574 2ff9d 57
11002: 1 60d245 bfe74580 2ff9d 58
11003: 1 60d24c bfe74580 2ff9d 58
11004: 0 60d250 61f7b0 187 37b
11019: 0 60d1f6 61f7a4 187 37a
11020: 1 60d1f8 bfe7453c 2ff9d 53
11021: 0 60d1fe 61f7f4 187 37f
11022: 1 60d205 bfe7457c 2ff9d 57
11023: 0 60d208 61f7f0 187 37f
11024: 1 60d20b bfe74580 2ff9d 58
11025: 0 60d20e 61f7f8 187 37f
11026: 1 60d211 61ae34 186 2e3
11027: 1 60d218 bfe7457c 2ff9d 57
11028: 0 60d21b 61f7fc 187 37f
11029: 0 60d222 bfe7457c 2ff9d 57
11036: 0 60d232 61f800 187 380
11041: 0 60d232 61f804 187 380
11046: 0 60d232 61f808 187 380
11051: 0 60d232 61f80c 187 380
11056: 0 60d232 61f810 187 381
11061: 0 60d232 61f814 187 381
11066: 0 60d232 61f818 187 381
11071: 0 60d232 61f81c 187 381
11081: 1 60d23b bfe74580 2ff9d 58
11082: 0 60d23b bfe74580 2ff9d 58
11083: 1 60d240 bfe74574 2ff9d 57
11084: 1 60d245 bfe74580 2ff9d 58
11085: 1 60d24c bfe74580 2ff9d 58
11086: 0 60d250 61f7ec 187 37e
11092: 0 60d256 61f7a8 187 37a
11093: 0 60d261 61f468 187 346
11094: 1 60d267 61f000 187 300
11097: 1 60d271 61f58c 187 358
11102: 0 60d284 61f6d4 187 36d
11103: 1 60d28a 61f554 187 355
11128: 0 60d29a 61f684 187 368
11129: 1 60d2a0 bfe74584 2ff9d 58
11139: 1 60d3c1 61f1b8 187 31b
11160: 0 60d3cc 61eeec 187 2ee
11161: 0 60d3d2 61ee18 187 2e1
11162: 1 60d3db bfe74588 2ff9d 58
11163: 1 60d3dc bfe7458c 2ff9d 58
11164: 1 60d3dd bfe74590 2ff9d 59
11165: 1 60d3de bfe74594 2ff9d 59
11166: 1 60d3df bfe74598 2ff9d 59
11170: 1 609911 61f1c4 187 31c
11190: 1 60991b 61f1dc 187 31d
11191: 1 609921 61f444 187 344
11212: 0 609923 61f1c4 187 31c
11213: 1 609929 61f340 187 334
11284: 1 609938 61f004 187 300
11285: 0 609938 61f004 187 300
11286: 0 609949 61f340 187 334
11287: 0 60994f bfe74670 2ff9d 67
11288: 1 609955 bfe74794 2ff9d 79
11289: 1 60995b 61f198 187 319
11290: 0 60995b 61f198 187 319
11291: 1 609962 61f5a4 187 35a
11312: 1 609968 61f19c 187 319
11313: 0 609968 61f19c 187 319
11314: 0 60996f 61f504 187 350
11315: 0 609974 61f1d0 187 31d
11318: 1 609980 bfe747f0 2ff9d 7f
11322: 1 60998a bfe74794 2ff9d 79
11323: 1 609990 61f634 187 363
11411: 1 60999e bfe74794 2ff9d 79
11412: 1 6099a4 61f56c 187 356
11452: 0 6099af bfe7470b 2ff9d 70
11453: 1 6099b6 61f530 187 353
11474: 1 6099bb 61f52c 187 352
11495: 1 6099be 805f040 2017 304
11496: 1 6099c1 61f664 187 366
11517: 0 6099c7 bfe74704 2ff9d 70
11518: 1 6099cd 805f038 2017 303
11519: 0 6099d5 bfe74648 2ff9d 64
11520: 1 6099db bfe74794 2ff9d 79
11521: 0 6099e1 bfe74700 2ff9d 70
11522: 1 6099eb 61f668 187 366
11523: 0 6099f1 bfe74644 2ff9d 64
11524: 1 6099f7 8048260 2012 26
11640: 0 6099fc bfe746fc 2ff9d 6f
11647: 1 609a09 bfe74794 2ff9d 79
11648: 0 609a15 bfe74664 2ff9d 66
11649: 1 609a1b 61f66c 187 366
11650: 0 609a21 bfe74640 2ff9d 64
11661: 1 609a4d bfe746fc 2ff9d 6f
11711: 1 609a58 bfe74704 2ff9d 70
11732: 1 609a5e bfe74700 2ff9d 70
11733: 1 609a67 8048680 2012 68
11804: 0 609a6a bfe746f8 2ff9d 6f
11805: 1 609a70 bfe74664 2ff9d 66
11826: 1 609a78 8048a58 2012 a5
11902: 1 609a30 bfe746fc 2ff9d 6f
11903: 1 609a36 bfe74640 2ff9d 64
11924: 1 609a3c 8048334 2012 33
11995: 0 609a3f bfe746fc 2ff9d 6f
12003: 1 60a0ee bfe74644 2ff9d 64
12004: 1 60a0f4 bfe74648 2ff9d 64
12005: 1 60a0fa 8048270 2012 27
12026: 0 60a0ff bfe7461c 2ff9d 61
12028: 1 60a1d4 bfe7470b 2ff9d 70
12030: 1 609ab4 61ee04 187 2e0
12055: 1 60a19e bfe74794 2ff9d 79
12056: 1 60a1a9 61f4f8 187 34f
12058: 0 60a1b1 61ee04 187 2e0
12069: 1 609ac1 61f360 187 336
12147: 1 609ac7 60801c 182 1
12218: 1 609acc 60802c 182 2
12289: 0 609ad2 61f30c 187 330
12290: 0 609ad8 61f314 187 331
12291: 1 609adf 60802c 182 2
12298: 1 609af7 6080d4 182 d
12414: 1 60acfe 6080dc 182 d
12415: 0 60ad02 61f3f8 187 33f
12416: 1 60ad08 6080e8 182 e
12536: 0 60ad0c 61f3fc 187 33f
12543: 0 609b10 bfe746f0 2ff9d 6f
12544: 1 609b16 61eedc 187 2ed
12545: 0 609b1c bfe746ec 2ff9d 6e
12551: 0 609b35 bfe745a0 2ff9d 5a
12552: 0 609b39 bfe74658 2ff9d 65
12553: 0 609b3f bfe7459c 2ff9d 59
12554: 0 609b42 bfe74598 2ff9d 59
12559: 1 6199c2 bfe745a0 2ff9d 5a
12560: 1 6199c6 bfe7459c 2ff9d 59
12564: 0 6199db bfe74594 2ff9d 59
12566: 1 61aa77 bfe74594 2ff9d 59
12567: 1 61aa7a bfe74594 2ff9d 59
12573: 0 6199ea 61f4dc 187 34d
12574: 1 6199da bfe74598 2ff9d 59
12580: 1 609b4f bfe74794 2ff9d 79
12581: 1 609b55 61f5a4 187 35a
12584: 1 609b63 61f1cc 187 31c
12589: 1 609b71 61ee28 187 2e2
12590: 0 609b79 bfe746e4 2ff9d 6e
12603: 0 60a430 bfe745a0 2ff9d 5a
12604: 1 60a436 bfe747f0 2ff9d 7f
12605: 0 60a440 bfe7459c 2ff9d 59
12606: 1 60a443 bfe746ec 2ff9d 6e
12627: 1 60a449 bfe746f0 2ff9d 6f
12628: 1 60a44f bfe74794 2ff9d 79
12629: 0 60a455 bfe74598 2ff9d 59
12653: 0 613220 bfe74594 2ff9d 59
12654: 0 613223 bfe74590 2ff9d 59
12655: 0 613224 bfe7458c 2ff9d 58
12656: 0 613225 bfe74588 2ff9d 58
12657: 0 61322c bfe74554 2ff9d 55
12658: 0 613232 bfe7454c 2ff9d 54
12659: 1 61323c bfe74554 2ff9d 55
12660: 0 61323f bfe74550 2ff9d 55
12661: 1 61324b bfe74554 2ff9d 55
12662: 0 613251 bfe744b0 2ff9d 4b
12663: 0 613257 bfe744b4 2ff9d 4b
12664: 0 61325a bfe74584 2ff9d 58
12665: 0 61325d bfe744b8 2ff9d 4b
12666: 1 613260 61f678 187 367
12667: 0 613267 bfe74580 2ff9d 58
12668: 0 61326e bfe74490 2ff9d 49
12670: 1 61aa7b bfe74490 2ff9d 49
12671: 1 61aa7e bfe74490 2ff9d 49
12679: 0 61327d 61f678 187 367
12680: 1 613283 bfe7454c 2ff9d 54
12681: 0 613286 bfe74540 2ff9d 54
12682: 1 61328d bfe74540 2ff9d 54
12698: 0 6132de bfe74538 2ff9d 53
12699: 1 6132e5 bfe74580 2ff9d 58
12700: 1 6132e8 bfe74584 2ff9d 58
12701: 0 6132eb bfe7455c 2ff9d 55
12702: 1 6132f2 61f4dc 187 34d
12703: 0 6132fb bfe74548 2ff9d 54
12704: 0 613304 bfe744b8 2ff9d 4b
12705: 0 61330d bfe74544 2ff9d 54
12706: 0 613310 bfe7453c 2ff9d 53
12707: 0 613313 61f4dc 187 34d
12717: 0 61331f bfe74530 2ff9d 53
12718: 1 613326 bfe74548 2ff9d 54
12719: 1 613329 bfe74548 2ff9d 54
12720: 0 61332c bfe7452c 2ff9d 52
12721: 1 613333 bfe744b4 2ff9d 4b
12722: 0 613336 bfe744b0 2ff9d 4b
12723: 1 61333c 61f650 187 365
12744: 0 613342 bfe74534 2ff9d 53
12753: 1 613349 61f6dc 187 36d
12774: 1 61334f bfe74554 2ff9d 55
12778: 1 61338e bfe74534 2ff9d 53
12779: 1 613391 61f51c 187 351
12815: 1 6133b0 bfe74534 2ff9d 53
12816: 1 6133b3 bfe7459c 2ff9d 59
12817: 1 6133b6 bfe745a0 2ff9d 5a
12818: 1 6133b9 61f52c 187 352
12819: 1 6133bc 805f038 2017 303
12820: 1 6133bf bfe74548 2ff9d 54
12821: 0 6133c2 bfe74564 2ff9d 56
12822: 0 6133c5 bfe74528 2ff9d 52
12823: 0 6133c8 bfe7456c 2ff9d 56
12824: 1 6133cb 61f500 187 350
12825: 0 6133ce bfe74568 2ff9d 56
12826: 0 6133d1 bfe74560 2ff9d 56
12827: 0 6133d4 bfe74520 2ff9d 52
12828: 1 6133d7 805f014 2017 301
12829: 0 6133d9 bfe74524 2ff9d 52
12842: 1 6133ea bfe74520 2ff9d 52
12843: 1 6133f2 bfe74528 2ff9d 52
12844: 1 6133f5 805f018 2017 301
12845: 0 6133f8 bfe74498 2ff9d 49
12846: 0 613400 bfe74494 2ff9d 49
12847: 0 613403 bfe74490 2ff9d 49
12856: 0 61a450 bfe7448c 2ff9d 48
12857: 1 61a451 bfe74494 2ff9d 49
12858: 1 61a455 bfe74498 2ff9d 49
12863: 1 61a4b3 8048854 2012 85
12950: 1 61a4f1 8048858 2012 85
12967: 1 61a528 804885c 2012 85
12982: 1 61a58c bfe7448c 2ff9d 48
12983: 1 61a58d bfe74490 2ff9d 49
12992: 0 613410 bfe74570 2ff9d 57
12993: 0 61341c bfe74494 2ff9d 49
12994: 0 613425 bfe74490 2ff9d 49
13002: 0 614480 bfe7448c 2ff9d 48
13003: 0 614483 bfe74488 2ff9d 48
13004: 0 61448a bfe743c0 2ff9d 3c
13005: 0 614492 bfe743b8 2ff9d 3b
13006: 0 614498 bfe743a0 2ff9d 3a
13008: 1 61aa7b bfe743a0 2ff9d 3a
13125: 1 61aa7e bfe743a0 2ff9d 3a
13129: 0 6144a3 bfe743bc 2ff9d 3b
13130: 0 6144a9 bfe743c8 2ff9d 3c
13131: 1 6144af 61f1bc 187 31b
13132: 0 6144af bfe743a0 2ff9d 3a
13136: 0 6088e0 bfe7439c 2ff9d 39
13137: 1 6088e3 bfe7439c 2ff9d 39
13207: 0 6088e4 bfe7439c 2ff9d 39
13209: 1 61aa77 bfe7439c 2ff9d 39
13210: 1 61aa7a bfe7439c 2ff9d 39
13213: 1 6088f5 bfe743a0 2ff9d 3a
13219: 0 6144b5 bfe743b4 2ff9d 3b
13220: 1 6144bb 61f440 187 344
13221: 0 6144c3 bfe743a4 2ff9d 3a
13222: 0 6144c6 bfe74480 2ff9d 48
13223: 0 6144c9 bfe743a0 2ff9d 3a
13235: 1 61a292 bfe743a4 2ff9d 3a
13236: 0 61a296 bfe743cc 2ff9d 3c
13237: 0 61a299 bfe743d0 2ff9d 3d
13238: 0 61a29c bfe743d4 2ff9d 3d
13239: 0 61a2a3 bfe743dc 2ff9d 3d
13240: 1 61a2a6 bfe743a0 2ff9d 3a
13241: 0 61a2aa bfe743e0 2ff9d 3e
13242: 0 61a2ad bfe743d8 2ff9d 3d
13243: 0 61a2b0 bfe743e4 2ff9d 3e
13244: 1 61a2b3 bfe743a0 2ff9d 3a
13253: 1 6144d4 bfe743b4 2ff9d 3b
13274: 1 6144e0 bfe74494 2ff9d 49
13275: 0 6144e3 61f440 187 344
13276: 0 6144e5 bfe743a4 2ff9d 3a
13277: 1 6144e8 bfe743b8 2ff9d 3b
13278: 0 6144e8 bfe743a0 2ff9d 3a
13296: 0 613140 bfe7439c 2ff9d 39
13297: 0 613143 bfe74398 2ff9d 39
13298: 0 613144 bfe74394 2ff9d 39
13299: 1 613148 bfe743a4 2ff9d 3a
13300: 1 61314b bfe74560 2ff9d 56
13301: 1 61314d bfe74570 2ff9d 57
13302: 1 613150 61f510 187 351
13303: 0 613153 bfe74390 2ff9d 39
13304: 1 613157 bfe74568 2ff9d 56
13305: 0 61315a bfe7438c 2ff9d 38
13306: 1 61315e bfe74564 2ff9d 56
13307: 0 613161 bfe74388 2ff9d 38
13308: 1 613165 61f678 187 367
13313: 0 61317a bfe74384 2ff9d 38
13314: 1 61317f bfe74560 2ff9d 56
13315: 0 613183 bfe74380 2ff9d 38
13322: 0 60f310 bfe7437c 2ff9d 37
13323: 0 60f313 bfe74378 2ff9d 37
13324: 0 60f314 bfe74374 2ff9d 37
13325: 0 60f315 bfe74370 2ff9d 37
13326: 0 60f31c bfe740f0 2ff9d f
13328: 1 61aa7b bfe740f0 2ff9d f
13443: 1 61aa7e bfe740f0 2ff9d f
13455: 0 60f327 bfe74110 2ff9d 11
13456: 1 60f333 bfe74390 2ff9d 39
13457: 0 60f336 bfe7411c 2ff9d 11
13458: 0 60f33c bfe74150 2ff9d 15
13459: 1 60f342 bfe7411c 2ff9d 11
13526: 0 60f348 bfe74154 2ff9d 15
13527: 1 60f351 61f000 187 300
13532: 1 60f360 61f679 187 367
13537: 1 60f36f bfe74110 2ff9d 11
13538: 0 60f377 bfe740f0 2ff9d f
13548: 0 615360 bfe740ec 2ff9d e
13549: 0 615363 bfe740e8 2ff9d e
13550: 0 615366 bfe740e4 2ff9d e
13551: 0 615369 bfe740e0 2ff9d e
13552: 1 61536d 61f4fc 187 34f
13553: 0 615370 bfe740d4 2ff9d d
13555: 1 61aa7b bfe740d4 2ff9d d
13626: 1 61aa7e bfe740d4 2ff9d d
13630: 0 61537b bfe740d8 2ff9d d
13631: 0 61537e bfe740dc 2ff9d d
13632: 0 615382 bfe740d4 2ff9d d
13637: 1 61a5c0 bfe740d8 2ff9d d
13638: 1 61a5c4 bfe740dc 2ff9d d
13639: 1 61a5c8 8048854 2012 85
13640: 1 61a5ca 61b852 186 385
13644: 1 61a5e4 bfe740d4 2ff9d d
13649: 1 615390 61f514 187 351
13655: 1 615395 61f738 187 373
13676: 0 615397 bfe740d8 2ff9d d
13677: 0 61539a bfe740dc 2ff9d d
13678: 0 61539e bfe740d4 2ff9d d
13683: 1 61a5c0 bfe740d8 2ff9d d
13684: 1 61a5c4 bfe740dc 2ff9d d
13685: 1 61a5c8 8048854 2012 85
13686: 1 61a5ca 61f744 187 374
13690: 1 61a5e4 bfe740d4 2ff9d d
13695: 1 6153a7 61f73c 187 373
13703: 1 6153b5 bfe740e0 2ff9d e
13724: 1 6153b6 bfe740e4 2ff9d e
13725: 1 6153b7 bfe740e8 2ff9d e
13726: 1 6153b8 bfe740ec 2ff9d e
13727: 1 6153b9 bfe740f0 2ff9d f
13731: 1 60f384 61f679 187 367
13734: 1 60f476 61f550 187 355
13737: 1 60f391 61f504 187 350
13740: 1 60f360 61f341 187 334
13745: 1 60f36f bfe74110 2ff9d 11
13746: 0 60f377 bfe740f0 2ff9d f
13756: 0 615360 bfe740ec 2ff9d e
13757: 0 615363 bfe740e8 2ff9d e
13758: 0 615366 bfe740e4 2ff9d e
13759: 0 615369 bfe740e0 2ff9d e
13760: 1 61536d 61f1c4 187 31c
13761: 0 615370 bfe740d4 2ff9d d
13763: 1 61aa7b bfe740d4 2ff9d d
13764: 1 61aa7e bfe740d4 2ff9d d
13768: 0 61537b bfe740d8 2ff9d d
13769: 0 61537e bfe740dc 2ff9d d
13770: 0 615382 bfe740d4 2ff9d d
13775: 1 61a5c0 bfe740d8 2ff9d d
13776: 1 61a5c4 bfe740dc 2ff9d d
13777: 1 61a5c8 8048854 2012 85
13778: 1 61a5ca 8048134 2012 13
13802: 1 61a5e4 bfe740d4 2ff9d d
13807: 1 615390 61f1dc 187 31d
13813: 1 615395 61f444 187 344
13814: 0 615397 bfe740d8 2ff9d d
13815: 0 61539a bfe740dc 2ff9d d
13816: 0 61539e bfe740d4 2ff9d d
13821: 1 61a5c0 bfe740d8 2ff9d d
13822: 1 61a5c4 bfe740dc 2ff9d d
13823: 1 61a5c8 8048854 2012 85
13824: 1 61a5ca 8048134 2012 13
13828: 1 61a5e4 bfe740d4 2ff9d d
13833: 1 6153a7 61f448 187 344
13841: 1 6153b5 bfe740e0 2ff9d e
13842: 1 6153b6 bfe740e4 2ff9d e
13843: 1 6153b7 bfe740e8 2ff9d e
13844: 1 6153b8 bfe740ec 2ff9d e
13845: 1 6153b9 bfe740f0 2ff9d f
13849: 1 60f384 61f341 187 334
13852: 1 60f476 61f218 187 321
13932: 1 60f481 61ef18 187 2f1
13953: 1 60f484 61f1f4 187 31f
14024: 0 60f487 bfe74148 2ff9d 14
14025: 1 60f48d 61ef28 187 2f2
14096: 0 60f492 bfe74148 2ff9d 14
14097: 0 60f498 bfe740f8 2ff9d f
14098: 1 60f49c bfe74110 2ff9d 11
14099: 0 60f4a2 bfe740f4 2ff9d f
14100: 0 60f4a5 bfe740f0 2ff9d f
14105: 1 61a5c0 bfe740f4 2ff9d f
14106: 1 61a5c4 bfe740f8 2ff9d f
14107: 1 61a5c8 8048854 2012 85
14108: 1 61a5ca 608548 182 54
14185: 1 61a5c8 8048855 2012 85
14186: 1 61a5ca 608549 182 54
14190: 1 61a5e4 bfe740f0 2ff9d f
14195: 1 60f391 61f1cc 187 31c
14197: 1 60f398 61eca0 187 2ca
14202: 0 60f3aa bfe740f8 2ff9d f
14203: 1 60f3ae bfe74110 2ff9d 11
14204: 0 60f3b4 bfe740f4 2ff9d f
14205: 0 60f3b7 bfe740f0 2ff9d f
14214: 0 61a450 bfe740ec 2ff9d e
14215: 1 61a451 bfe740f4 2ff9d f
14216: 1 61a455 bfe740f8 2ff9d f
14221: 1 61a4b3 8048854 2012 85
14238: 1 61a4f1 8048858 2012 85
14255: 1 61a528 804885c 2012 85
14270: 1 61a58c bfe740ec 2ff9d e
14271: 1 61a58d bfe740f0 2ff9d f
14276: 1 60f590 bfe74110 2ff9d 11
14277: 0 60f596 bfe740f4 2ff9d f
14278: 0 60f599 bfe740f0 2ff9d f
14282: 1 61a5f0 bfe740f4 2ff9d f
14286: 1 61a623 8048854 2012 85
14294: 1 61a639 8048858 2012 85
14302: 1 61a650 804885c 2012 85
14315: 1 61a69a bfe740f4 2ff9d f
14316: 1 61a69e bfe740f0 2ff9d f
14320: 1 60f59f 61eca0 187 2ca
14321: 0 60f5a6 bfe7413c 2ff9d 13
14326: 1 60f5b2 bfe74154 2ff9d 15
14347: 0 60f5bd bfe7414c 2ff9d 14
14351: 1 60f5c7 bfe74154 2ff9d 15
14352: 1 60f5cd 61f58c 187 358
14355: 1 60f5db bfe74154 2ff9d 15
14358: 0 60f5ef bfe74138 2ff9d 13
14364: 1 60f616 61f684 187 368
14385: 0 60f622 bfe74118 2ff9d 11
14395: 1 60f5f7 bfe7414c 2ff9d 14
14416: 1 60f5fe 61f660 187 366
14418: 1 60f6d5 bfe7414c 2ff9d 14
14421: 1 60f6e2 61f000 187 300
14430: 1 60f6f0 61f678 187 367
14431: 1 60f702 bfe74154 2ff9d 15
14433: 1 60f782 61eeec 187 2ee
14440: 1 60f7c9 bfe7414c 2ff9d 14
14441: 1 60f7d5 bfe74154 2ff9d 15
14448: 1 60f7e3 bfe74154 2ff9d 15
14449: 1 60f7eb bfe74154 2ff9d 15
14450: 1 60f7f1 61f6d4 187 36d
14454: 1 60f862 bfe7414c 2ff9d 14
14457: 1 60f8be bfe74150 2ff9d 15
14459: 1 60f8cc bfe74110 2ff9d 11
14460: 0 60f8d2 bfe740f0 2ff9d f
14467: 0 610220 bfe740ec 2ff9d e
14468: 0 610223 bfe740e8 2ff9d e
14469: 0 610224 bfe740e4 2ff9d e
14470: 0 610225 bfe740e0 2ff9d e
14471: 0 61022c bfe74054 2ff9d 5
14473: 1 61aa7b bfe74054 2ff9d 5
14542: 1 61aa7e bfe74054 2ff9d 5
14546: 1 610237 61eca0 187 2ca
14547: 0 61023e bfe740dc 2ff9d d
14550: 1 610247 61f46c 187 346
14574: 0 6103dc bfe74054 2ff9d 5
14581: 0 614dd0 bfe74050 2ff9d 5
14582: 0 614dd9 bfe74044 2ff9d 4
14583: 0 614ddc bfe74048 2ff9d 4
14584: 0 614de1 bfe73fc0 2ff9c 3fc
14586: 1 61aa7b bfe73fc0 2ff9c 3fc
14655: 1 61aa7e bfe73fc0 2ff9c 3fc
14663: 0 614dec bfe7404c 2ff9d 4
14664: 0 614df1 bfe73fc8 2ff9c 3fc
14665: 0 614df5 bfe73fe0 2ff9c 3fe
14666: 0 614df8 bfe73fdc 2ff9c 3fd
14667: 0 614dff bfe73fc4 2ff9c 3fc
14668: 0 614e02 bfe73fc0 2ff9c 3fc
14674: 0 619880 bfe73fbc 2ff9c 3fb
14675: 1 619881 bfe73fcc 2ff9c 3fc
14676: 1 619885 bfe73fc8 2ff9c 3fc
14677: 1 619889 bfe73fc4 2ff9c 3fc
14680: 1 619894 bfe73fbc 2ff9c 3fb
14786: 1 61989c bfe73fc0 2ff9c 3fc
14794: 0 614e0d bfe73fc8 2ff9c 3fc
14795: 0 614e14 bfe73fcc 2ff9c 3fc
14796: 0 614e18 bfe73fc4 2ff9c 3fc
14797: 0 614e1f bfe73fc0 2ff9c 3fc
14802: 0 619770 bfe73fbc 2ff9c 3fb
14803: 0 619776 bfe73fb0 2ff9c 3fb
14804: 0 619779 bfe73f60 2ff9c 3f6
14806: 1 61aa7b bfe73f60 2ff9c 3f6
14875: 1 61aa7e bfe73f60 2ff9c 3f6
14882: 0 619784 bfe73fb4 2ff9c 3fb
14883: 1 619787 61eff8 187 2ff
14904: 0 61978d bfe73fb8 2ff9c 3fb
14905: 1 619790 61f4d8 187 34d
14911: 1 619796 61f4dc 187 34d
14912: 1 61979c bfe73fc8 2ff9c 3fc
14913: 1 61979f bfe73fcc 2ff9c 3fc
14925: 1 6197c3 bfe73fcc 2ff9c 3fc
14926: 1 6197c6 bfe7403c 2ff9d 3
14997: 1 6197c9 bfe73ff0 2ff9c 3ff
15024: 1 6197e0 bfe73fb0 2ff9c 3fb
15025: 1 6197e5 bfe73fb4 2ff9c 3fb
15026: 1 6197e8 bfe73fb8 2ff9c 3fb
15027: 1 6197ed bfe73fbc 2ff9c 3fb
15028: 1 6197ee bfe73fc0 2ff9c 3fc
15034: 1 614e28 bfe74010 2ff9d 1
15105: 0 614e2d 61f474 187 347
15115: 0 614e50 bfe73fd4 2ff9c 3fd
15116: 1 614e54 bfe73fe0 2ff9c 3fe
15137: 0 614e5c bfe73fd0 2ff9c 3fd
15138: 0 614e62 bfe73fd8 2ff9c 3fd
15139: 0 614e66 bfe73fcc 2ff9c 3fc
15140: 0 614e6a bfe73fc8 2ff9c 3fc
15141: 0 614e6e bfe73fc4 2ff9c 3fc
15142: 0 614e75 bfe73fc0 2ff9c 3fc
15150: 1 61a006 bfe73fc0 2ff9c 3fc
15152: 0 614e7a bfe73fdc 2ff9c 3fd
15154: 0 614e31 bfe73fc4 2ff9c 3fc
15155: 0 614e34 bfe73fc0 2ff9c 3fc
15159: 1 6198c2 bfe73fc4 2ff9c 3fc
15163: 1 6198d6 bfe73fc0 2ff9c 3fc
15170: 1 614e39 bfe73fdc 2ff9c 3fd
15191: 1 614e3c bfe74044 2ff9d 4
15212: 1 614e3f bfe74048 2ff9d 4
15213: 1 614e42 bfe7404c 2ff9d 4
15214: 1 614e47 bfe74050 2ff9d 5
15215: 1 614e48 bfe74054 2ff9d 5
15218: 0 6103e1 bfe740c4 2ff9d c
15222: 1 6103e7 61f474 187 347
15243: 0 6103f0 bfe74090 2ff9d 9
15249: 1 6104ec bfe740c4 2ff9d c
15270: 1 6104fa b7436000 2dd0d 200
15382: 1 610502 bfe740c4 2ff9d c
15383: 1 610505 b743600c 2dd0d 200
15384: 0 610508 61f46c 187 346
15385: 1 61051d bfe74090 2ff9d 9
15415: 0 610522 61f470 187 347
15416: 1 610535 b74399e8 2dd0e 19e
15505: 1 61053d bfe740c4 2ff9d c
15513: 0 61025e bfe740c8 2ff9d c
15514: 1 610265 61f470 187 347
15515: 0 61026e bfe740b4 2ff9d b
15516: 0 610271 bfe74080 2ff9d 8
15524: 1 61027a 61f474 187 347
15525: 1 610280 61ecac 187 2ca
15526: 0 610288 bfe740a8 2ff9d a
15527: 0 61028f bfe740cc 2ff9d c
15534: 0 6102a0 bfe7405c 2ff9d 5
15535: 1 6102a4 bfe740a8 2ff9d a
15586: 0 6102a7 bfe74058 2ff9d 5
15587: 0 6102aa bfe74054 2ff9d 5
15592: 1 61a5c0 bfe74058 2ff9d 5
15593: 1 61a5c4 bfe7405c 2ff9d 5
15594: 1 61a5c8 bfe74c5b 2ff9d c5
15595: 1 61a5ca 61ede8 187 2de
15672: 1 61a5c8 bfe74c5c 2ff9d c5
15673: 1 61a5ca 61ede9 187 2de
15677: 1 61a5e4 bfe74054 2ff9d 5
15687: 0 6102a0 bfe7405c 2ff9d 5
15688: 1 6102a4 bfe740a8 2ff9d a
15689: 0 6102a7 bfe74058 2ff9d 5
15690: 0 6102aa bfe74054 2ff9d 5
15695: 1 61a5c0 bfe74058 2ff9d 5
15696: 1 61a5c4 bfe7405c 2ff9d 5
15697: 1 61a5c8 bfe74c5b 2ff9d c5
15698: 1 61a5ca 61eded 187 2de
15705: 1 61a5c8 bfe74c5c 2ff9d c5
15706: 1 61a5ca 61edee 187 2de
15710: 1 61a5e4 bfe74054 2ff9d 5
15720: 0 6102a0 bfe7405c 2ff9d 5
15721: 1 6102a4 bfe740a8 2ff9d a
15722: 0 6102a7 bfe74058 2ff9d 5
15723: 0 6102aa bfe74054 2ff9d 5
15728: 1 61a5c0 bfe74058 2ff9d 5
15729: 1 61a5c4 bfe7405c 2ff9d 5
15730: 1 61a5c8 bfe74c5b 2ff9d c5
15731: 1 61a5ca 61edf2 187 2df
15758: 1 61a5c8 bfe74c5c 2ff9d c5
15759: 1 61a5ca 61edf3 187 2df
15763: 1 61a5e4 bfe74054 2ff9d 5
15773: 0 6102a0 bfe7405c 2ff9d 5
15774: 1 6102a4 bfe740a8 2ff9d a
15775: 0 6102a7 bfe74058 2ff9d 5
15776: 0 6102aa bfe74054 2ff9d 5
15781: 1 61a5c0 bfe74058 2ff9d 5
15782: 1 61a5c4 bfe7405c 2ff9d 5
15783: 1 61a5c8 bfe74c5b 2ff9d c5
15784: 1 61a5ca 61edf7 187 2df
15791: 1 61a5c8 bfe74c5c 2ff9d c5
15792: 1 61a5ca 61edf8 187 2df
15799: 1 61a5c8 bfe74c5d 2ff9d c5
15800: 1 61a5ca 61edf9 187 2df
15807: 1 61a5c8 bfe74c5e 2ff9d c5
15808: 1 61a5ca 61edfa 187 2df
15815: 1 61a5c8 bfe74c5f 2ff9d c5
15816: 1 61a5ca 61edfb 187 2df
15822: 1 61a5d6 bfe74054 2ff9d 5
15834: 0 6102c5 bfe740ac 2ff9d a
15835: 1 6102c9 bfe740ac 2ff9d a
15836: 0 6102cc bfe740b0 2ff9d b
15837: 1 6102cf bfe740b0 2ff9d b
15876: 1 6102d7 bfe740ac 2ff9d a
15877: 0 6102f2 bfe740ac 2ff9d a
15878: 0 6102f5 bfe740b0 2ff9d b
15879: 1 6102f8 61ecdc 187 2cd
15880: 1 610300 61ece4 187 2ce
15887: 0 610452 bfe740a0 2ff9d a
15888: 0 610457 bfe740a4 2ff9d a
15895: 0 610330 bfe740d8 2ff9d d
15896: 1 610337 bfe740b4 2ff9d b
15897: 1 61033a b74399fc 2dd0e 19f
15918: 1 61033e bfe740d8 2ff9d d
15919: 0 610341 bfe740d4 2ff9d d
15932: 1 61035d bfe740d4 2ff9d d
15933: 1 610360 bfe740d8 2ff9d d
15934: 1 610363 bfe74080 2ff9d 8
15955: 1 61037c b743d4cc 2dd0f 14c
16026: 1 610380 bfe740cc 2ff9d c
16030: 1 610385 bfe740b4 2ff9d b
16031: 1 61038a bfe740dc 2ff9d d
16032: 0 61038d bfe74054 2ff9d 5
16042: 0 610120 bfe74050 2ff9d 5
16043: 0 610123 bfe7404c 2ff9d 4
16044: 0 610124 bfe74048 2ff9d 4
16045: 0 610128 bfe74044 2ff9d 4
16046: 0 61012b bfe74040 2ff9d 4
16047: 1 61012e 8048854 2012 85
16053: 1 610139 b74477ce 2dd11 37c
16137: 1 6101d1 bfe74044 2ff9d 4
16138: 0 6101d1 bfe74044 2ff9d 4
16139: 1 6101d4 bfe74040 2ff9d 4
16140: 0 6101d4 bfe74040 2ff9d 4
16141: 1 6101d7 bfe74044 2ff9d 4
16142: 1 6101da bfe74040 2ff9d 4
16143: 1 6101dd 8048855 2012 85
16144: 1 6101e0 b74477cf 2dd11 37c
16162: 1 6101d1 bfe74044 2ff9d 4
16163: 0 6101d1 bfe74044 2ff9d 4
16164: 1 6101d4 bfe74040 2ff9d 4
16165: 0 6101d4 bfe74040 2ff9d 4
16166: 1 6101d7 bfe74044 2ff9d 4
16167: 1 6101da bfe74040 2ff9d 4
16168: 1 6101dd 8048856 2012 85
16169: 1 6101e0 b74477d0 2dd11 37d
16207: 1 6101d1 bfe74044 2ff9d 4
16208: 0 6101d1 bfe74044 2ff9d 4
16209: 1 6101d4 bfe74040 2ff9d 4
16210: 0 6101d4 bfe74040 2ff9d 4
16211: 1 6101d7 bfe74044 2ff9d 4
16212: 1 6101da bfe74040 2ff9d 4
16213: 1 6101dd 8048857 2012 85
16214: 1 6101e0 b74477d1 2dd11 37d
16234: 1 6101f5 bfe74048 2ff9d 4
16235: 1 6101f6 bfe7404c 2ff9d 4
16236: 1 6101f7 bfe74050 2ff9d 5
16237: 1 6101f8 bfe74054 2ff9d 5
16245: 1 61039d bfe740d4 2ff9d d
16246: 0 6103a0 bfe740d8 2ff9d d
16247: 1 6103a3 bfe740d8 2ff9d d
16262: 1 610354 61f470 187 347
16263: 0 61035a bfe74080 2ff9d 8
16264: 1 61035d bfe740d4 2ff9d d
16265: 1 610360 bfe740d8 2ff9d d
16266: 1 610363 bfe74080 2ff9d 8
16267: 1 61037c b743f23c 2dd0f 323
16338: 1 610380 bfe740cc 2ff9d c
16342: 1 610385 bfe740b4 2ff9d b
16343: 1 61038a bfe740dc 2ff9d d
16344: 0 61038d bfe74054 2ff9d 5
16354: 0 610120 bfe74050 2ff9d 5
16355: 0 610123 bfe7404c 2ff9d 4
16356: 0 610124 bfe74048 2ff9d 4
16357: 0 610128 bfe74044 2ff9d 4
16358: 0 61012b bfe74040 2ff9d 4
16359: 1 61012e 8048854 2012 85
16365: 1 610139 b744adc7 2dd12 2dc
16449: 1 6101d1 bfe74044 2ff9d 4
16450: 0 6101d1 bfe74044 2ff9d 4
16451: 1 6101d4 bfe74040 2ff9d 4
16452: 0 6101d4 bfe74040 2ff9d 4
16453: 1 6101d7 bfe74044 2ff9d 4
16454: 1 6101da bfe74040 2ff9d 4
16455: 1 6101dd 8048855 2012 85
16456: 1 6101e0 b744adc8 2dd12 2dc
16474: 1 6101d1 bfe74044 2ff9d 4
16475: 0 6101d1 bfe74044 2ff9d 4
16476: 1 6101d4 bfe74040 2ff9d 4
16477: 0 6101d4 bfe74040 2ff9d 4
16478: 1 6101d7 bfe74044 2ff9d 4
16479: 1 6101da bfe74040 2ff9d 4
16480: 1 6101dd 8048856 2012 85
16481: 1 6101e0 b744adc9 2dd12 2dc
16499: 1 6101d1 bfe74044 2ff9d 4
16500: 0 6101d1 bfe74044 2ff9d 4
16501: 1 6101d4 bfe74040 2ff9d 4
16502: 0 6101d4 bfe74040 2ff9d 4
16503: 1 6101d7 bfe74044 2ff9d 4
16504: 1 6101da bfe74040 2ff9d 4
16505: 1 6101dd 8048857 2012 85
16506: 1 6101e0 b744adca 2dd12 2dc
16526: 1 6101f5 bfe74048 2ff9d 4
16527: 1 6101f6 bfe7404c 2ff9d 4
16528: 1 6101f7 bfe74050 2ff9d 5
16529: 1 6101f8 bfe74054 2ff9d 5
16537: 1 61039d bfe740d4 2ff9d d
16538: 0 6103a0 bfe740d8 2ff9d d
16539: 1 6103a3 bfe740d8 2ff9d d
16554: 1 610354 61f470 187 347
16555: 0 61035a bfe74080 2ff9d 8
16556: 1 61035d bfe740d4 2ff9d d
16557: 1 610360 bfe740d8 2ff9d d
16558: 1 610363 bfe74080 2ff9d 8
16559: 1 61037c b74400f4 2dd10 f
16630: 1 610380 bfe740cc 2ff9d c
16634: 1 610385 bfe740b4 2ff9d b
16635: 1 61038a bfe740dc 2ff9d d
16636: 0 61038d bfe74054 2ff9d 5
16646: 0 610120 bfe74050 2ff9d 5
16647: 0 610123 bfe7404c 2ff9d 4
16648: 0 610124 bfe74048 2ff9d 4
16649: 0 610128 bfe74044 2ff9d 4
16650: 0 61012b bfe74040 2ff9d 4
16651: 1 61012e 8048854 2012 85
16657: 1 610139 b744c99d 2dd13 99
16741: 1 6101d1 bfe74044 2ff9d 4
16742: 0 6101d1 bfe74044 2ff9d 4
16743: 1 6101d4 bfe74040 2ff9d 4
16744: 0 6101d4 bfe74040 2ff9d 4
16745: 1 6101d7 bfe74044 2ff9d 4
16746: 1 6101da bfe74040 2ff9d 4
16747: 1 6101dd 8048855 2012 85
16748: 1 6101e0 b744c99e 2dd13 99
16766: 1 6101d1 bfe74044 2ff9d 4
16767: 0 6101d1 bfe74044 2ff9d 4
16768: 1 6101d4 bfe74040 2ff9d 4
16769: 0 6101d4 bfe74040 2ff9d 4
16770: 1 6101d7 bfe74044 2ff9d 4
16771: 1 6101da bfe74040 2ff9d 4
16772: 1 6101dd 8048856 2012 85
16773: 1 6101e0 b744c99f 2dd13 99
16791: 1 6101d1 bfe74044 2ff9d 4
16792: 0 6101d1 bfe74044 2ff9d 4
16793: 1 6101d4 bfe74040 2ff9d 4
16794: 0 6101d4 bfe74040 2ff9d 4
16795: 1 6101d7 bfe74044 2ff9d 4
16796: 1 6101da bfe74040 2ff9d 4
16797: 1 6101dd 8048857 2012 85
16798: 1 6101e0 b744c9a0 2dd13 9a
16888: 1 6101f5 bfe74048 2ff9d 4
16889: 1 6101f6 bfe7404c 2ff9d 4
16890: 1 6101f7 bfe74050 2ff9d 5
16891: 1 6101f8 bfe74054 2ff9d 5
16899: 0 610349 bfe740d4 2ff9d d
16900: 1 61034c bfe740d4 2ff9d d
16901: 1 61034f bfe740d8 2ff9d d
16916: 1 610354 61f470 187 347
16917: 0 61035a bfe74080 2ff9d 8
16918: 1 61035d bfe740d4 2ff9d d
16919: 1 610360 bfe740d8 2ff9d d
16920: 1 610363 bfe74080 2ff9d 8
16921: 1 61037c b743f98c 2dd0f 398
16992: 1 610380 bfe740cc 2ff9d c
16996: 1 610385 bfe740b4 2ff9d b
16997: 1 61038a bfe740dc 2ff9d d
16998: 0 61038d bfe74054 2ff9d 5
17008: 0 610120 bfe74050 2ff9d 5
17009: 0 610123 bfe7404c 2ff9d 4
17010: 0 610124 bfe74048 2ff9d 4
17011: 0 610128 bfe74044 2ff9d 4
17012: 0 61012b bfe74040 2ff9d 4
17013: 1 61012e 8048854 2012 85
17019: 1 610139 b744bb50 2dd12 3b5
17103: 1 6101d1 bfe74044 2ff9d 4
17104: 0 6101d1 bfe74044 2ff9d 4
17105: 1 6101d4 bfe74040 2ff9d 4
17106: 0 6101d4 bfe74040 2ff9d 4
17107: 1 6101d7 bfe74044 2ff9d 4
17108: 1 6101da bfe74040 2ff9d 4
17109: 1 6101dd 8048855 2012 85
17110: 1 6101e0 b744bb51 2dd12 3b5
17128: 1 6101d1 bfe74044 2ff9d 4
17129: 0 6101d1 bfe74044 2ff9d 4
17130: 1 6101d4 bfe74040 2ff9d 4
17131: 0 6101d4 bfe74040 2ff9d 4
17132: 1 6101d7 bfe74044 2ff9d 4
17133: 1 6101da bfe74040 2ff9d 4
17134: 1 6101dd 8048856 2012 85
17135: 1 6101e0 b744bb52 2dd12 3b5
17153: 1 6101d1 bfe74044 2ff9d 4
17154: 0 6101d1 bfe74044 2ff9d 4
17155: 1 6101d4 bfe74040 2ff9d 4
17156: 0 6101d4 bfe74040 2ff9d 4
17157: 1 6101d7 bfe74044 2ff9d 4
17158: 1 6101da bfe74040 2ff9d 4
17159: 1 6101dd 8048857 2012 85
17160: 1 6101e0 b744bb53 2dd12 3b5
17180: 1 6101f5 bfe74048 2ff9d 4
17181: 1 6101f6 bfe7404c 2ff9d 4
17182: 1 6101f7 bfe74050 2ff9d 5
17183: 1 6101f8 bfe74054 2ff9d 5
17191: 0 610349 bfe740d4 2ff9d d
17192: 1 61034c bfe740d4 2ff9d d
17193: 1 61034f bfe740d8 2ff9d d
17208: 1 610354 61f470 187 347
17209: 0 61035a bfe74080 2ff9d 8
17210: 1 61035d bfe740d4 2ff9d d
17211: 1 610360 bfe740d8 2ff9d d
17212: 1 610363 bfe74080 2ff9d 8
17213: 1 61037c b743f5e4 2dd0f 35e
17284: 1 610380 bfe740cc 2ff9d c
17288: 1 610385 bfe740b4 2ff9d b
17289: 1 61038a bfe740dc 2ff9d d
17290: 0 61038d bfe74054 2ff9d 5
17300: 0 610120 bfe74050 2ff9d 5
17301: 0 610123 bfe7404c 2ff9d 4
17302: 0 610124 bfe74048 2ff9d 4
17303: 0 610128 bfe74044 2ff9d 4
17304: 0 61012b bfe74040 2ff9d 4
17305: 1 61012e 8048854 2012 85
17311: 1 610139 b744b37a 2dd12 337
17395: 1 6101d1 bfe74044 2ff9d 4
17396: 0 6101d1 bfe74044 2ff9d 4
17397: 1 6101d4 bfe74040 2ff9d 4
17398: 0 6101d4 bfe74040 2ff9d 4
17399: 1 6101d7 bfe74044 2ff9d 4
17400: 1 6101da bfe74040 2ff9d 4
17401: 1 6101dd 8048855 2012 85
17402: 1 6101e0 b744b37b 2dd12 337
17420: 1 6101d1 bfe74044 2ff9d 4
17421: 0 6101d1 bfe74044 2ff9d 4
17422: 1 6101d4 bfe74040 2ff9d 4
17423: 0 6101d4 bfe74040 2ff9d 4
17424: 1 6101d7 bfe74044 2ff9d 4
17425: 1 6101da bfe74040 2ff9d 4
17426: 1 6101dd 8048856 2012 85
17427: 1 6101e0 b744b37c 2dd12 337
17445: 1 6101d1 bfe74044 2ff9d 4
17446: 0 6101d1 bfe74044 2ff9d 4
17447: 1 6101d4 bfe74040 2ff9d 4
17448: 0 6101d4 bfe74040 2ff9d 4
17449: 1 6101d7 bfe74044 2ff9d 4
17450: 1 6101da bfe74040 2ff9d 4
17451: 1 6101dd 8048857 2012 85
17452: 1 6101e0 b744b37d 2dd12 337
17470: 1 6101d1 bfe74044 2ff9d 4
17471: 0 6101d1 bfe74044 2ff9d 4
17472: 1 6101d4 bfe74040 2ff9d 4
17473: 0 6101d4 bfe74040 2ff9d 4
17474: 1 6101d7 bfe74044 2ff9d 4
17475: 1 6101da bfe74040 2ff9d 4
17476: 1 6101dd 8048858 2012 85
17477: 1 6101e0 b744b37e 2dd12 337
17497: 1 6101f5 bfe74048 2ff9d 4
17498: 1 6101f6 bfe7404c 2ff9d 4
17499: 1 6101f7 bfe74050 2ff9d 5
17500: 1 6101f8 bfe74054 2ff9d 5
17508: 1 61039d bfe740d4 2ff9d d
17509: 0 6103a0 bfe740d8 2ff9d d
17510: 1 6103a3 bfe740d8 2ff9d d
17525: 1 610354 61f470 187 347
17526: 0 61035a bfe74080 2ff9d 8
17527: 1 61035d bfe740d4 2ff9d d
17528: 1 610360 bfe740d8 2ff9d d
17529: 1 610363 bfe74080 2ff9d 8
17530: 1 61037c b743f7ac 2dd0f 37a
17601: 1 610380 bfe740cc 2ff9d c
17605: 1 610385 bfe740b4 2ff9d b
17606: 1 61038a bfe740dc 2ff9d d
17607: 0 61038d bfe74054 2ff9d 5
17617: 0 610120 bfe74050 2ff9d 5
17618: 0 610123 bfe7404c 2ff9d 4
17619: 0 610124 bfe74048 2ff9d 4
17620: 0 610128 bfe74044 2ff9d 4
17621: 0 61012b bfe74040 2ff9d 4
17622: 1 61012e 8048854 2012 85
17628: 1 610139 b744b6cc 2dd12 36c
17712: 1 6101d1 bfe74044 2ff9d 4
17713: 0 6101d1 bfe74044 2ff9d 4
17714: 1 6101d4 bfe74040 2ff9d 4
17715: 0 6101d4 bfe74040 2ff9d 4
17716: 1 6101d7 bfe74044 2ff9d 4
17717: 1 6101da bfe74040 2ff9d 4
17718: 1 6101dd 8048855 2012 85
17719: 1 6101e0 b744b6cd 2dd12 36c
17737: 1 6101d1 bfe74044 2ff9d 4
17738: 0 6101d1 bfe74044 2ff9d 4
17739: 1 6101d4 bfe74040 2ff9d 4
17740: 0 6101d4 bfe74040 2ff9d 4
17741: 1 6101d7 bfe74044 2ff9d 4
17742: 1 6101da bfe74040 2ff9d 4
17743: 1 6101dd 8048856 2012 85
17744: 1 6101e0 b744b6ce 2dd12 36c
17762: 1 6101d1 bfe74044 2ff9d 4
17763: 0 6101d1 bfe74044 2ff9d 4
17764: 1 6101d4 bfe74040 2ff9d 4
17765: 0 6101d4 bfe74040 2ff9d 4
17766: 1 6101d7 bfe74044 2ff9d 4
17767: 1 6101da bfe74040 2ff9d 4
17768: 1 6101dd 8048857 2012 85
17769: 1 6101e0 b744b6cf 2dd12 36c
17789: 1 6101f5 bfe74048 2ff9d 4
17790: 1 6101f6 bfe7404c 2ff9d 4
17791: 1 6101f7 bfe74050 2ff9d 5
17792: 1 6101f8 bfe74054 2ff9d 5
17800: 0 610349 bfe740d4 2ff9d d
17801: 1 61034c bfe740d4 2ff9d d
17802: 1 61034f bfe740d8 2ff9d d
17817: 1 610354 61f470 187 347
17818: 0 61035a bfe74080 2ff9d 8
17819: 1 61035d bfe740d4 2ff9d d
17820: 1 610360 bfe740d8 2ff9d d
17821: 1 610363 bfe74080 2ff9d 8
17822: 1 61037c b743f6bc 2dd0f 36b
17893: 1 610380 bfe740cc 2ff9d c
17897: 1 610385 bfe740b4 2ff9d b
17898: 1 61038a bfe740dc 2ff9d d
17899: 0 61038d bfe74054 2ff9d 5
17909: 0 610120 bfe74050 2ff9d 5
17910: 0 610123 bfe7404c 2ff9d 4
17911: 0 610124 bfe74048 2ff9d 4
17912: 0 610128 bfe74044 2ff9d 4
17913: 0 61012b bfe74040 2ff9d 4
17914: 1 61012e 8048854 2012 85
17920: 1 610139 b744b4fd 2dd12 34f
18004: 1 6101d1 bfe74044 2ff9d 4
18005: 0 6101d1 bfe74044 2ff9d 4
18006: 1 6101d4 bfe74040 2ff9d 4
18007: 0 6101d4 bfe74040 2ff9d 4
18008: 1 6101d7 bfe74044 2ff9d 4
18009: 1 6101da bfe74040 2ff9d 4
18010: 1 6101dd 8048855 2012 85
18011: 1 6101e0 b744b4fe 2dd12 34f
18029: 1 6101d1 bfe74044 2ff9d 4
18030: 0 6101d1 bfe74044 2ff9d 4
18031: 1 6101d4 bfe74040 2ff9d 4
18032: 0 6101d4 bfe74040 2ff9d 4
18033: 1 6101d7 bfe74044 2ff9d 4
18034: 1 6101da bfe74040 2ff9d 4
18035: 1 6101dd 8048856 2012 85
18036: 1 6101e0 b744b4ff 2dd12 34f
18054: 1 6101d1 bfe74044 2ff9d 4
18055: 0 6101d1 bfe74044 2ff9d 4
18056: 1 6101d4 bfe74040 2ff9d 4
18057: 0 6101d4 bfe74040 2ff9d 4
18058: 1 6101d7 bfe74044 2ff9d 4
18059: 1 6101da bfe74040 2ff9d 4
18060: 1 6101dd 8048857 2012 85
18061: 1 6101e0 b744b500 2dd12 350
18149: 1 6101d1 bfe74044 2ff9d 4
18150: 0 6101d1 bfe74044 2ff9d 4
18151: 1 6101d4 bfe74040 2ff9d 4
18152: 0 6101d4 bfe74040 2ff9d 4
18153: 1 6101d7 bfe74044 2ff9d 4
18154: 1 6101da bfe74040 2ff9d 4
18155: 1 6101dd 8048858 2012 85
18156: 1 6101e0 b744b501 2dd12 350
18176: 1 6101f5 bfe74048 2ff9d 4
18177: 1 6101f6 bfe7404c 2ff9d 4
18178: 1 6101f7 bfe74050 2ff9d 5
18179: 1 6101f8 bfe74054 2ff9d 5
18187: 1 61039d bfe740d4 2ff9d d
18188: 0 6103a0 bfe740d8 2ff9d d
18189: 1 6103a3 bfe740d8 2ff9d d
18204: 1 610354 61f470 187 347
18205: 0 61035a bfe74080 2ff9d 8
18206: 1 61035d bfe740d4 2ff9d d
18207: 1 610360 bfe740d8 2ff9d d
18208: 1 610363 bfe74080 2ff9d 8
18209: 1 61037c b743f734 2dd0f 373
18280: 1 610380 bfe740cc 2ff9d c
18284: 1 610385 bfe740b4 2ff9d b
18285: 1 61038a bfe740dc 2ff9d d
18286: 0 61038d bfe74054 2ff9d 5
18296: 0 610120 bfe74050 2ff9d 5
18297: 0 610123 bfe7404c 2ff9d 4
18298: 0 610124 bfe74048 2ff9d 4
18299: 0 610128 bfe74044 2ff9d 4
18300: 0 61012b bfe74040 2ff9d 4
18301: 1 61012e 8048854 2012 85
18307: 1 610139 b744b597 2dd12 359
18391: 1 6101d1 bfe74044 2ff9d 4
18392: 0 6101d1 bfe74044 2ff9d 4
18393: 1 6101d4 bfe74040 2ff9d 4
18394: 0 6101d4 bfe74040 2ff9d 4
18395: 1 6101d7 bfe74044 2ff9d 4
18396: 1 6101da bfe74040 2ff9d 4
18397: 1 6101dd 8048855 2012 85
18398: 1 6101e0 b744b598 2dd12 359
18416: 1 6101d1 bfe74044 2ff9d 4
18417: 0 6101d1 bfe74044 2ff9d 4
18418: 1 6101d4 bfe74040 2ff9d 4
18419: 0 6101d4 bfe74040 2ff9d 4
18420: 1 6101d7 bfe74044 2ff9d 4
18421: 1 6101da bfe74040 2ff9d 4
18422: 1 6101dd 8048856 2012 85
18423: 1 6101e0 b744b599 2dd12 359
18441: 1 6101d1 bfe74044 2ff9d 4
18442: 0 6101d1 bfe74044 2ff9d 4
18443: 1 6101d4 bfe74040 2ff9d 4
18444: 0 6101d4 bfe74040 2ff9d 4
18445: 1 6101d7 bfe74044 2ff9d 4
18446: 1 6101da bfe74040 2ff9d 4
18447: 1 6101dd 8048857 2012 85
18448: 1 6101e0 b744b59a 2dd12 359
18468: 1 6101f5 bfe74048 2ff9d 4
18469: 1 6101f6 bfe7404c 2ff9d 4
18470: 1 6101f7 bfe74050 2ff9d 5
18471: 1 6101f8 bfe74054 2ff9d 5
18479: 0 610349 bfe740d4 2ff9d d
18480: 1 61034c bfe740d4 2ff9d d
18481: 1 61034f bfe740d8 2ff9d d
18496: 1 610354 61f470 187 347
18497: 0 61035a bfe74080 2ff9d 8
18498: 1 61035d bfe740d4 2ff9d d
18499: 1 610360 bfe740d8 2ff9d d
18500: 1 610363 bfe74080 2ff9d 8
18501: 1 61037c b743f6ec 2dd0f 36e
18572: 1 610380 bfe740cc 2ff9d c
18576: 1 610385 bfe740b4 2ff9d b
18577: 1 61038a bfe740dc 2ff9d d
18578: 0 61038d bfe74054 2ff9d 5
18588: 0 610120 bfe74050 2ff9d 5
18589: 0 610123 bfe7404c 2ff9d 4
18590: 0 610124 bfe74048 2ff9d 4
18591: 0 610128 bfe74044 2ff9d 4
18592: 0 61012b bfe74040 2ff9d 4
18593: 1 61012e 8048854 2012 85
18599: 1 610139 b744b53f 2dd12 353
18683: 1 6101d1 bfe74044 2ff9d 4
18684: 0 6101d1 bfe74044 2ff9d 4
18685: 1 6101d4 bfe74040 2ff9d 4
18686: 0 6101d4 bfe74040 2ff9d 4
18687: 1 6101d7 bfe74044 2ff9d 4
18688: 1 6101da bfe74040 2ff9d 4
18689: 1 6101dd 8048855 2012 85
18690: 1 6101e0 b744b540 2dd12 354
18778: 1 6101d1 bfe74044 2ff9d 4
18779: 0 6101d1 bfe74044 2ff9d 4
18780: 1 6101d4 bfe74040 2ff9d 4
18781: 0 6101d4 bfe74040 2ff9d 4
18782: 1 6101d7 bfe74044 2ff9d 4
18783: 1 6101da bfe74040 2ff9d 4
18784: 1 6101dd 8048856 2012 85
18785: 1 6101e0 b744b541 2dd12 354
18803: 1 6101d1 bfe74044 2ff9d 4
18804: 0 6101d1 bfe74044 2ff9d 4
18805: 1 6101d4 bfe74040 2ff9d 4
18806: 0 6101d4 bfe74040 2ff9d 4
18807: 1 6101d7 bfe74044 2ff9d 4
18808: 1 6101da bfe74040 2ff9d 4
18809: 1 6101dd 8048857 2012 85
18810: 1 6101e0 b744b542 2dd12 354
18828: 1 6101d1 bfe74044 2ff9d 4
18829: 0 6101d1 bfe74044 2ff9d 4
18830: 1 6101d4 bfe74040 2ff9d 4
18831: 0 6101d4 bfe74040 2ff9d 4
18832: 1 6101d7 bfe74044 2ff9d 4
18833: 1 6101da bfe74040 2ff9d 4
18834: 1 6101dd 8048858 2012 85
18835: 1 6101e0 b744b543 2dd12 354
18853: 1 6101d1 bfe74044 2ff9d 4
18854: 0 6101d1 bfe74044 2ff9d 4
18855: 1 6101d4 bfe74040 2ff9d 4
18856: 0 6101d4 bfe74040 2ff9d 4
18857: 1 6101d7 bfe74044 2ff9d 4
18858: 1 6101da bfe74040 2ff9d 4
18859: 1 6101dd 8048859 2012 85
18860: 1 6101e0 b744b544 2dd12 354
18878: 1 6101d1 bfe74044 2ff9d 4
18879: 0 6101d1 bfe74044 2ff9d 4
18880: 1 6101d4 bfe74040 2ff9d 4
18881: 0 6101d4 bfe74040 2ff9d 4
18882: 1 6101d7 bfe74044 2ff9d 4
18883: 1 6101da bfe74040 2ff9d 4
18884: 1 6101dd 804885a 2012 85
18885: 1 6101e0 b744b545 2dd12 354
18903: 1 6101d1 bfe74044 2ff9d 4
18904: 0 6101d1 bfe74044 2ff9d 4
18905: 1 6101d4 bfe74040 2ff9d 4
18906: 0 6101d4 bfe74040 2ff9d 4
18907: 1 6101d7 bfe74044 2ff9d 4
18908: 1 6101da bfe74040 2ff9d 4
18909: 1 6101dd 804885b 2012 85
18910: 1 6101e0 b744b546 2dd12 354
18928: 1 6101d1 bfe74044 2ff9d 4
18929: 0 6101d1 bfe74044 2ff9d 4
18930: 1 6101d4 bfe74040 2ff9d 4
18931: 0 6101d4 bfe74040 2ff9d 4
18932: 1 6101d7 bfe74044 2ff9d 4
18933: 1 6101da bfe74040 2ff9d 4
18934: 1 6101dd 804885c 2012 85
18935: 1 6101e0 b744b547 2dd12 354
18950: 1 610154 bfe74044 2ff9d 4
18951: 0 610154 bfe74044 2ff9d 4
18952: 1 61015d bfe74040 2ff9d 4
18953: 0 61015d bfe74040 2ff9d 4
18959: 1 610175 bfe74044 2ff9d 4
18960: 1 610178 804885d 2012 85
18966: 1 610185 bfe74040 2ff9d 4
18967: 1 610188 b744b548 2dd12 354
18979: 1 6101f5 bfe74048 2ff9d 4
18980: 1 6101f6 bfe7404c 2ff9d 4
18981: 1 6101f7 bfe74050 2ff9d 5
18982: 1 6101f8 bfe74054 2ff9d 5
18986: 0 6105a1 bfe7407c 2ff9d 7
18992: 1 6105a6 61f470 187 347
18993: 1 6105ac b743f6d4 2dd0f 36d
19107: 1 6105b0 bfe740cc 2ff9d c
19111: 1 6105b9 bfe740b4 2ff9d b
19112: 1 6105be bfe740dc 2ff9d d
19113: 0 6105c1 bfe74054 2ff9d 5
19123: 0 610120 bfe74050 2ff9d 5
19124: 0 610123 bfe7404c 2ff9d 4
19125: 0 610124 bfe74048 2ff9d 4
19126: 0 610128 bfe74044 2ff9d 4
19127: 0 61012b bfe74040 2ff9d 4
19128: 1 61012e 8048854 2012 85
19134: 1 610139 b744b522 2dd12 352
19168: 1 6101d1 bfe74044 2ff9d 4
19169: 0 6101d1 bfe74044 2ff9d 4
19170: 1 6101d4 bfe74040 2ff9d 4
19171: 0 6101d4 bfe74040 2ff9d 4
19172: 1 6101d7 bfe74044 2ff9d 4
19173: 1 6101da bfe74040 2ff9d 4
19174: 1 6101dd 8048855 2012 85
19175: 1 6101e0 b744b523 2dd12 352
19193: 1 6101d1 bfe74044 2ff9d 4
19194: 0 6101d1 bfe74044 2ff9d 4
19195: 1 6101d4 bfe74040 2ff9d 4
19196: 0 6101d4 bfe74040 2ff9d 4
19197: 1 6101d7 bfe74044 2ff9d 4
19198: 1 6101da bfe74040 2ff9d 4
19199: 1 6101dd 8048856 2012 85
19200: 1 6101e0 b744b524 2dd12 352
19218: 1 6101d1 bfe74044 2ff9d 4
19219: 0 6101d1 bfe74044 2ff9d 4
19220: 1 6101d4 bfe74040 2ff9d 4
19221: 0 6101d4 bfe74040 2ff9d 4
19222: 1 6101d7 bfe74044 2ff9d 4
19223: 1 6101da bfe74040 2ff9d 4
19224: 1 6101dd 8048857 2012 85
19225: 1 6101e0 b744b525 2dd12 352
19243: 1 6101d1 bfe74044 2ff9d 4
19244: 0 6101d1 bfe74044 2ff9d 4
19245: 1 6101d4 bfe74040 2ff9d 4
19246: 0 6101d4 bfe74040 2ff9d 4
19247: 1 6101d7 bfe74044 2ff9d 4
19248: 1 6101da bfe74040 2ff9d 4
19249: 1 6101dd 8048858 2012 85
19250: 1 6101e0 b744b526 2dd12 352
19268: 1 6101d1 bfe74044 2ff9d 4
19269: 0 6101d1 bfe74044 2ff9d 4
19270: 1 6101d4 bfe74040 2ff9d 4
19271: 0 6101d4 bfe74040 2ff9d 4
19272: 1 6101d7 bfe74044 2ff9d 4
19273: 1 6101da bfe74040 2ff9d 4
19274: 1 6101dd 8048859 2012 85
19275: 1 6101e0 b744b527 2dd12 352
19293: 1 6101d1 bfe74044 2ff9d 4
19294: 0 6101d1 bfe74044 2ff9d 4
19295: 1 6101d4 bfe74040 2ff9d 4
19296: 0 6101d4 bfe74040 2ff9d 4
19297: 1 6101d7 bfe74044 2ff9d 4
19298: 1 6101da bfe74040 2ff9d 4
19299: 1 6101dd 804885a 2012 85
19300: 1 6101e0 b744b528 2dd12 352
19318: 1 6101d1 bfe74044 2ff9d 4
19319: 0 6101d1 bfe74044 2ff9d 4
19320: 1 6101d4 bfe74040 2ff9d 4
19321: 0 6101d4 bfe74040 2ff9d 4
19322: 1 6101d7 bfe74044 2ff9d 4
19323: 1 6101da bfe74040 2ff9d 4
19324: 1 6101dd 804885b 2012 85
19325: 1 6101e0 b744b529 2dd12 352
19343: 1 6101d1 bfe74044 2ff9d 4
19344: 0 6101d1 bfe74044 2ff9d 4
19345: 1 6101d4 bfe74040 2ff9d 4
19346: 0 6101d4 bfe74040 2ff9d 4
19347: 1 6101d7 bfe74044 2ff9d 4
19348: 1 6101da bfe74040 2ff9d 4
19349: 1 6101dd 804885c 2012 85
19350: 1 6101e0 b744b52a 2dd12 352
19365: 1 610154 bfe74044 2ff9d 4
19366: 0 610154 bfe74044 2ff9d 4
19367: 1 61015d bfe74040 2ff9d 4
19368: 0 61015d bfe74040 2ff9d 4
19374: 1 610175 bfe74044 2ff9d 4
19375: 1 610178 804885d 2012 85
19381: 1 610185 bfe74040 2ff9d 4
19382: 1 610188 b744b52b 2dd12 352
19394: 1 6101f5 bfe74048 2ff9d 4
19395: 1 6101f6 bfe7404c 2ff9d 4
19396: 1 6101f7 bfe74050 2ff9d 5
19397: 1 6101f8 bfe74054 2ff9d 5
19407: 1 6105a6 61f470 187 347
19408: 1 6105ac b743f6bc 2dd0f 36b
19409: 1 6105b0 bfe740cc 2ff9d c
19413: 1 6105b9 bfe740b4 2ff9d b
19414: 1 6105be bfe740dc 2ff9d d
19415: 0 6105c1 bfe74054 2ff9d 5
19425: 0 610120 bfe74050 2ff9d 5
19426: 0 610123 bfe7404c 2ff9d 4
19427: 0 610124 bfe74048 2ff9d 4
19428: 0 610128 bfe74044 2ff9d 4
19429: 0 61012b bfe74040 2ff9d 4
19430: 1 61012e 8048854 2012 85
19436: 1 610139 b744b4fd 2dd12 34f
19450: 1 6101d1 bfe74044 2ff9d 4
19451: 0 6101d1 bfe74044 2ff9d 4
19452: 1 6101d4 bfe74040 2ff9d 4
19453: 0 6101d4 bfe74040 2ff9d 4
19454: 1 6101d7 bfe74044 2ff9d 4
19455: 1 6101da bfe74040 2ff9d 4
19456: 1 6101dd 8048855 2012 85
19457: 1 6101e0 b744b4fe 2dd12 34f
19475: 1 6101d1 bfe74044 2ff9d 4
19476: 0 6101d1 bfe74044 2ff9d 4
19477: 1 6101d4 bfe74040 2ff9d 4
19478: 0 6101d4 bfe74040 2ff9d 4
19479: 1 6101d7 bfe74044 2ff9d 4
19480: 1 6101da bfe74040 2ff9d 4
19481: 1 6101dd 8048856 2012 85
19482: 1 6101e0 b744b4ff 2dd12 34f
19500: 1 6101d1 bfe74044 2ff9d 4
19501: 0 6101d1 bfe74044 2ff9d 4
19502: 1 6101d4 bfe74040 2ff9d 4
19503: 0 6101d4 bfe74040 2ff9d 4
19504: 1 6101d7 bfe74044 2ff9d 4
19505: 1 6101da bfe74040 2ff9d 4
19506: 1 6101dd 8048857 2012 85
19507: 1 6101e0 b744b500 2dd12 350
19525: 1 6101d1 bfe74044 2ff9d 4
19526: 0 6101d1 bfe74044 2ff9d 4
19527: 1 6101d4 bfe74040 2ff9d 4
19528: 0 6101d4 bfe74040 2ff9d 4
19529: 1 6101d7 bfe74044 2ff9d 4
19530: 1 6101da bfe74040 2ff9d 4
19531: 1 6101dd 8048858 2012 85
19532: 1 6101e0 b744b501 2dd12 350
19552: 1 6101f5 bfe74048 2ff9d 4
19553: 1 6101f6 bfe7404c 2ff9d 4
19554: 1 6101f7 bfe74050 2ff9d 5
19555: 1 6101f8 bfe74054 2ff9d 5
19564: 1 61067a 61f470 187 347
19565: 1 610680 bfe7407c 2ff9d 7
19586: 0 61068c bfe7409c 2ff9d 9
19594: 1 6106b3 b743f6d0 2dd0f 36d
19600: 1 6106c8 bfe7409c 2ff9d 9
19601: 1 6106cb bfe740cc 2ff9d c
19602: 1 6106ce b743f6d8 2dd0f 36d
19603: 0 6106d1 bfe7408c 2ff9d 8
19606: 1 6106d8 bfe740c8 2ff9d c
19609: 1 6105db 61eca8 187 2ca
19612: 1 6105e5 bfe7409c 2ff9d 9
19613: 1 6105e8 b743f6dc 2dd0f 36d
19619: 1 6105f1 bfe740b0 2ff9d b
19620: 1 6105f4 bfe740ac 2ff9d a
19631: 1 610603 bfe7409c 2ff9d 9
19632: 1 610606 b743f6e4 2dd0f 36e
19633: 1 610609 b743f6e0 2dd0f 36e
19634: 0 61060c bfe74088 2ff9d 8
19635: 1 61060f bfe74088 2ff9d 8
19636: 0 610612 bfe74084 2ff9d 8
19645: 1 61063c bfe740a0 2ff9d a
19646: 1 61063f bfe74084 2ff9d 8
19647: 1 610642 bfe740a4 2ff9d a
19648: 1 610647 bfe74088 2ff9d 8
19654: 1 610652 bfe7408c 2ff9d 8
19655: 1 610655 bfe740b4 2ff9d b
19656: 1 61065a 61ecd8 187 2cd
19657: 0 610660 bfe740c8 2ff9d c
19659: 1 6103b0 61eca0 187 2ca
19666: 1 6103bd bfe740c8 2ff9d c
19667: 1 6103c6 bfe740e0 2ff9d e
19668: 1 6103c7 bfe740e4 2ff9d e
19669: 1 6103c8 bfe740e8 2ff9d e
19670: 1 6103c9 bfe740ec 2ff9d e
19671: 1 6103ca bfe740f0 2ff9d f
19674: 0 60f8d7 bfe74134 2ff9d 13
19680: 1 60f8e5 bfe74154 2ff9d 15
19681: 1 60f8eb 61f000 187 300
19682: 1 60f8f3 bfe74154 2ff9d 15
19683: 1 60f8fa 61f6f1 187 36f
19756: 1 60f907 bfe74134 2ff9d 13
19780: 0 60f911 bfe740f4 2ff9d f
19781: 1 60f91e bfe74134 2ff9d 13
19782: 0 60f924 bfe740f0 2ff9d f
19794: 0 60ea60 bfe740ec 2ff9d e
19795: 0 60ea63 bfe740e8 2ff9d e
19796: 0 60ea64 bfe740e4 2ff9d e
19797: 0 60ea67 bfe740e0 2ff9d e
19798: 0 60ea6b bfe740bc 2ff9d b
19799: 1 60ea6e bfe740f4 2ff9d f
19800: 0 60ea72 bfe740b8 2ff9d b
19801: 1 60ea75 bfe740bc 2ff9d b
19802: 0 60ea78 bfe74068 2ff9d 6
19804: 1 61aa7b bfe74068 2ff9d 6
19825: 1 61aa7e bfe74068 2ff9d 6
19831: 0 60ea83 bfe740b7 2ff9d b
19832: 0 60ea86 bfe740ac 2ff9d a
19833: 0 60ea8d bfe74070 2ff9d 7
19834: 0 60ea91 bfe7406c 2ff9d 6
19835: 0 60ea94 bfe74068 2ff9d 6
19841: 0 619880 bfe74064 2ff9d 6
19842: 1 619881 bfe74074 2ff9d 7
19843: 1 619885 bfe74070 2ff9d 7
19844: 1 619889 bfe7406c 2ff9d 6
19847: 1 619894 bfe74064 2ff9d 6
19848: 1 61989c bfe74068 2ff9d 6
19851: 0 60ea99 bfe740b0 2ff9d b
19861: 0 60eaa5 bfe7406c 2ff9d 6
19862: 1 60eaa8 bfe740b8 2ff9d b
19863: 0 60eaad 61f4dc 187 34d
19864: 0 60eab8 bfe74074 2ff9d 7
19865: 0 60eabf bfe740a0 2ff9d a
19866: 0 60eac2 bfe74070 2ff9d 7
19867: 0 60eac6 bfe74068 2ff9d 6
19873: 0 619900 bfe74064 2ff9d 6
19874: 1 619901 bfe74074 2ff9d 7
19875: 1 619905 bfe74070 2ff9d 7
19876: 1 619909 bfe7406c 2ff9d 6
19879: 1 619914 bfe74064 2ff9d 6
19880: 1 61991c bfe74068 2ff9d 6
19885: 0 60eacb bfe7409c 2ff9d 9
19886: 1 60eace bfe740b8 2ff9d b
19887: 0 60ead4 bfe74160 2ff9d 16
19893: 1 60eadd bfe740a0 2ff9d a
19894: 1 60eaeb bfe74164 2ff9d 16
19969: 1 60eaf3 bfe740a0 2ff9d a
19970: 1 60eafc bfe74178 2ff9d 17
19992: 1 60eb06 bfe74176 2ff9d 17
19995: 1 60eb11 bfe74174 2ff9d 17
19999: 1 60eb1e bfe740a0 2ff9d a
20000: 1 60eb27 bfe7418e 2ff9d 18
20081: 1 60eb32 bfe74190 2ff9d 19
20102: 1 60eb36 bfe740a0 2ff9d a
20103: 1 60eb39 bfe740b8 2ff9d b
20104: 1 60eb3c bfe74180 2ff9d 18
20105: 1 60eb4c bfe7409c 2ff9d 9
20106: 0 60eb4f bfe740a8 2ff9d a
20113: 1 60eb58 bfe740a8 2ff9d a
20114: 0 60eb61 bfe7407c 2ff9d 7
20118: 1 60eb70 bfe7407c 2ff9d 7
20119: 1 60eb73 bfe74198 2ff9d 19
20126: 1 60eb78 bfe7407c 2ff9d 7
20127: 0 60eb78 bfe7407c 2ff9d 7
20128: 1 60eb7f bfe740a8 2ff9d a
20129: 1 60eb87 bfe7407c 2ff9d 7
20132: 1 60eb70 bfe7407c 2ff9d 7
20133: 1 60eb73 bfe741b8 2ff9d 1b
20210: 1 60eb78 bfe7407c 2ff9d 7
20211: 0 60eb78 bfe7407c 2ff9d 7
20212: 1 60eb7f bfe740a8 2ff9d a
20213: 1 60eb87 bfe7407c 2ff9d 7
20216: 1 60eb70 bfe7407c 2ff9d 7
20217: 1 60eb73 bfe741d8 2ff9d 1d
20294: 1 60eb78 bfe7407c 2ff9d 7
20295: 0 60eb78 bfe7407c 2ff9d 7
20296: 1 60eb7f bfe740a8 2ff9d a
20297: 1 60eb87 bfe7407c 2ff9d 7
20300: 1 60eb70 bfe7407c 2ff9d 7
20301: 1 60eb73 bfe741f8 2ff9d 1f
20378: 1 60eb78 bfe7407c 2ff9d 7
20379: 0 60eb78 bfe7407c 2ff9d 7
20380: 1 60eb7f bfe740a8 2ff9d a
20381: 1 60eb87 bfe7407c 2ff9d 7
20384: 1 60eb70 bfe7407c 2ff9d 7
20385: 1 60eb73 bfe74218 2ff9d 21
20462: 1 60eb78 bfe7407c 2ff9d 7
20463: 0 60eb78 bfe7407c 2ff9d 7
20464: 1 60eb7f bfe740a8 2ff9d a
20465: 1 60eb87 bfe7407c 2ff9d 7
20468: 1 60eb70 bfe7407c 2ff9d 7
20469: 1 60eb73 bfe74238 2ff9d 23
20541: 1 60eb97 bfe74248 2ff9d 24
20613: 1 60eb9d bfe74254 2ff9d 25
20640: 1 60eba3 bfe7423c 2ff9d 23
20641: 1 60eba6 bfe740b8 2ff9d b
20642: 1 60ebac bfe74160 2ff9d 16
20643: 0 60ebb2 bfe740a4 2ff9d a
20649: 1 60ebbc bfe740a4 2ff9d a
20650: 1 60ebca bfe742d8 2ff9d 2d
20746: 1 60ecb1 bfe740a4 2ff9d a
20747: 1 60ecb4 bfe742e8 2ff9d 2e
20818: 1 60ecb7 bfe742ec 2ff9d 2e
20819: 1 60ecbb bfe742f0 2ff9d 2f
20840: 1 60ecbf bfe742f4 2ff9d 2f
20843: 1 60ecd1 61eca8 187 2ca
20852: 1 60eb8c bfe740b0 2ff9d b
20853: 1 60eb92 bfe740e0 2ff9d e
20854: 1 60eb93 bfe740e4 2ff9d e
20855: 1 60eb94 bfe740e8 2ff9d e
20856: 1 60eb95 bfe740ec 2ff9d e
20857: 1 60eb96 bfe740f0 2ff9d f
20860: 0 60f929 bfe7414c 2ff9d 14
20863: 1 60f932 bfe74134 2ff9d 13
20864: 0 60f938 bfe740f4 2ff9d f
20865: 0 60f93b bfe740f0 2ff9d f
20869: 1 61a5f0 bfe740f4 2ff9d f
20873: 1 61a623 b744b52c 2dd12 352
20881: 1 61a639 b744b530 2dd12 353
20889: 1 61a650 b744b534 2dd12 353
20897: 1 61a667 b744b538 2dd12 353
20906: 1 61a623 b744b53c 2dd12 353
20920: 1 61a69a bfe740f4 2ff9d f
20921: 1 61a69e bfe740f0 2ff9d f
20924: 0 60f943 bfe740f4 2ff9d f
20925: 0 60f946 bfe740f0 2ff9d f
20926: 1 60875c 61efe4 187 2fe
20932: 0 6188e0 bfe740ec 2ff9d e
20933: 0 6188e3 bfe740e8 2ff9d e
20934: 1 6188e7 bfe740f4 2ff9d f
20935: 0 6188ea bfe740dc 2ff9d d
20937: 1 61aa7b bfe740dc 2ff9d d
20938: 1 61aa7e bfe740dc 2ff9d d
20942: 0 6188f5 bfe740e0 2ff9d e
20943: 0 6188fc bfe740e4 2ff9d e
20944: 0 618900 bfe740dc 2ff9d d
20945: 1 60874c 61efe0 187 2fe
20954: 0 6187e0 bfe740d8 2ff9d d
20955: 0 6187e6 bfe740cc 2ff9d c
20956: 0 6187e9 bfe740d0 2ff9d d
20957: 1 6187ec bfe740e0 2ff9d e
20958: 0 6187ef bfe740d4 2ff9d d
20959: 1 6187f2 bfe740e4 2ff9d e
20960: 0 6187f5 bfe740b0 2ff9d b
20962: 1 61aa7b bfe740b0 2ff9d b
20963: 1 61aa7e bfe740b0 2ff9d b
20967: 1 618800 61f4b4 187 34b
20974: 1 618851 61f4b0 187 34b
20984: 0 618833 61f4b8 187 34b
20985: 0 61883e 61f4b0 187 34b
20986: 1 618844 bfe740cc 2ff9d c
20987: 1 618847 bfe740d0 2ff9d d
20988: 1 61884a bfe740d4 2ff9d d
20989: 1 61884f bfe740d8 2ff9d d
20990: 1 618850 bfe740dc 2ff9d d
20994: 1 618908 bfe740e8 2ff9d e
20995: 1 618909 bfe740ec 2ff9d e
20996: 1 61890a bfe740f0 2ff9d f
21005: 0 60f953 bfe740fc 2ff9d f
21006: 1 60f957 bfe74134 2ff9d 13
21007: 0 60f95d bfe740f4 2ff9d f
21008: 0 60f960 bfe740f8 2ff9d f
21009: 0 60f964 bfe740f0 2ff9d f
21017: 1 61aa10 bfe740fc 2ff9d f
21018: 1 61aa16 bfe740f4 2ff9d f
21019: 1 61aa1c bfe740f8 2ff9d f
21022: 1 61aa25 b744b52c 2dd12 352
21023: 0 61aa25 61fb70 187 3b7
21029: 1 61aa2a b744b52d 2dd12 352
21030: 0 61aa2a 61fb71 187 3b7
21031: 1 61aa2c b744b52f 2dd12 352
21032: 0 61aa2c 61fb73 187 3b7
21035: 1 61aa32 bfe740f4 2ff9d f
21036: 1 61aa36 bfe740f0 2ff9d f
21039: 0 60f969 bfe7415c 2ff9d 15
21041: 1 60f977 bfe7414c 2ff9d 14
21043: 1 60f86b 61eca0 187 2ca
21048: 1 60f3fe bfe7438c 2ff9d 38
21069: 1 60f405 bfe74154 2ff9d 15
21070: 1 60f40c bfe7414c 2ff9d 14
21088: 1 60f419 61ef08 187 2f0
21089: 1 60f425 bfe74390 2ff9d 39
21090: 0 60f428 bfe74158 2ff9d 15
21091: 0 60f42e bfe7410c 2ff9d 10
21092: 0 60f432 bfe74108 2ff9d 10
21093: 1 60f436 bfe7438c 2ff9d 38
21094: 0 60f439 bfe74104 2ff9d 10
21095: 1 60f43d bfe74384 2ff9d 38
21096: 0 60f440 bfe740fc 2ff9d f
21097: 0 60f44a bfe74100 2ff9d 10
21098: 1 60f44e bfe7415c 2ff9d 15
21099: 0 60f454 bfe740f4 2ff9d f
21100: 0 60f457 bfe740f8 2ff9d f
21101: 1 60f45b bfe7414c 2ff9d 14
21102: 1 60f461 bfe74110 2ff9d 11
21103: 0 60f467 bfe740f0 2ff9d f
21117: 0 60d860 bfe740ec 2ff9d e
21118: 0 60d865 bfe740e8 2ff9d e
21119: 0 60d868 bfe740e4 2ff9d e
21120: 0 60d869 bfe740e0 2ff9d e
21121: 0 60d870 bfe7406c 2ff9d 6
21122: 0 60d876 bfe74068 2ff9d 6
21123: 0 60d87c bfe74064 2ff9d 6
21124: 0 60d882 bfe74050 2ff9d 5
21125: 0 60d888 bfe73fcc 2ff9c 3fc
21127: 1 61aa7b bfe73fcc 2ff9c 3fc
21128: 1 61aa7e bfe73fcc 2ff9c 3fc
21133: 0 60d893 bfe73fd8 2ff9c 3fd
21134: 0 60d897 bfe73fd4 2ff9c 3fd
21135: 0 60d89b bfe73fd0 2ff9c 3fd
21136: 0 60d8a2 bfe73fcc 2ff9c 3fc
21141: 0 619770 bfe73fc8 2ff9c 3fc
21142: 0 619776 bfe73fbc 2ff9c 3fb
21143: 0 619779 bfe73f6c 2ff9c 3f6
21145: 1 61aa7b bfe73f6c 2ff9c 3f6
21146: 1 61aa7e bfe73f6c 2ff9c 3f6
21153: 0 619784 bfe73fc0 2ff9c 3fc
21154: 1 619787 61eff8 187 2ff
21155: 0 61978d bfe73fc4 2ff9c 3fc
21156: 1 619790 61f4d8 187 34d
21162: 1 619796 61f4dc 187 34d
21163: 1 61979c bfe73fd4 2ff9c 3fd
21164: 1 61979f bfe73fd8 2ff9c 3fd
21176: 1 6197c3 bfe73fd8 2ff9c 3fd
21177: 1 6197c6 bfe740d8 2ff9d d
21178: 1 6197c9 bfe7408c 2ff9d 8
21185: 1 6197e0 bfe73fbc 2ff9c 3fb
21186: 1 6197e5 bfe73fc0 2ff9c 3fc
21187: 1 6197e8 bfe73fc4 2ff9c 3fc
21188: 1 6197ed bfe73fc8 2ff9c 3fc
21189: 1 6197ee bfe73fcc 2ff9c 3fc
21196: 1 60d8af bfe7410c 2ff9d 10
21217: 1 60d8b5 61f000 187 300
21219: 1 60d8c0 61f679 187 367
21227: 1 60d8c9 bfe740d8 2ff9d d
21228: 1 60d8cc bfe740dc 2ff9d d
21229: 1 60d8cf 61f6d0 187 36d
21230: 1 60d8d5 61f6cc 187 36c
21253: 1 60d910 61f504 187 350
21255: 1 60d8c0 61f341 187 334
21263: 1 60d8c9 bfe740d8 2ff9d d
21264: 1 60d8cc bfe740dc 2ff9d d
21265: 1 60d8cf 61f398 187 339
21336: 1 60d8d5 61f394 187 339
21339: 1 60d910 61f1cc 187 31c
21342: 1 60d917 bfe7410c 2ff9d 10
21345: 1 60d924 bfe74104 2ff9d 10
21347: 1 60d92e 61eca0 187 2ca
21360: 1 60d93b bfe740f4 2ff9d f
21361: 1 60d93e bfe7410c 2ff9d 10
21362: 0 60d944 bfe74060 2ff9d 6
21363: 0 60d94a bfe73fd8 2ff9c 3fd
21364: 1 60d94e bfe74104 2ff9d 10
21365: 0 60d951 bfe73fd4 2ff9c 3fd
21366: 1 60d955 bfe740fc 2ff9d f
21367: 0 60d958 bfe73fd0 2ff9c